#
# There is insufficient memory for the Java Runtime Environment to continue.
# Native memory allocation (malloc) failed to allocate 1074256 bytes for Chunk::new
# Possible reasons:
#   The system is out of physical RAM or swap space
#   The process is running with CompressedOops enabled, and the Java Heap may be blocking the growth of the native heap
# Possible solutions:
#   Reduce memory load on the system
#   Increase physical memory or swap space
#   Check if swap backing store is full
#   Decrease Java heap size (-Xmx/-Xms)
#   Decrease number of Java threads
#   Decrease Java thread stack sizes (-Xss)
#   Set larger code cache with -XX:ReservedCodeCacheSize=
#   JVM is running with Unscaled Compressed Oops mode in which the Java heap is
#     placed in the first 4GB address space. The Java Heap base address is the
#     maximum limit for the native heap growth. Please use -XX:HeapBaseMinAddress
#     to set the Java Heap base and to place the Java Heap above 4GB virtual address.
# This output file may be truncated or incomplete.
#
#  Out of Memory Error (./src/hotspot/share/memory/arena.cpp:197), pid=11676, tid=6752
#
# JRE version: OpenJDK Runtime Environment (11.0.10) (build 11.0.10+0-b96-7249189)
# Java VM: OpenJDK 64-Bit Server VM (11.0.10+0-b96-7249189, mixed mode, tiered, compressed oops, g1 gc, windows-amd64)
# No core dump will be written. Minidumps are not enabled by default on client versions of Windows
#

---------------  S U M M A R Y ------------

Command Line: --add-opens=java.base/java.util=ALL-UNNAMED --add-opens=java.base/java.lang=ALL-UNNAMED --add-opens=java.base/java.lang.invoke=ALL-UNNAMED --add-opens=java.base/java.util=ALL-UNNAMED --add-opens=java.prefs/java.util.prefs=ALL-UNNAMED --add-opens=java.prefs/java.util.prefs=ALL-UNNAMED --add-opens=java.base/java.nio.charset=ALL-UNNAMED --add-opens=java.base/java.net=ALL-UNNAMED --add-opens=java.base/java.util.concurrent.atomic=ALL-UNNAMED -Xmx2048m -Dfile.encoding=UTF-8 -Duser.country=RU -Duser.language=ru -Duser.variant org.gradle.launcher.daemon.bootstrap.GradleDaemon 7.0.2

Host: Intel(R) Core(TM) i7-4770K CPU @ 3.50GHz, 8 cores, 7G,  Windows 10 , 64 bit Build 19041 (10.0.19041.1202)
Time: Wed Nov  3 23:26:42 2021 RTZ 2 (зима) elapsed time: 29.820245 seconds (0d 0h 0m 29s)

---------------  T H R E A D  ---------------

Current thread (0x0000021a6a587000):  JavaThread "C2 CompilerThread0" daemon [_thread_in_native, id=6752, stack(0x000000573bc00000,0x000000573bd00000)]


Current CompileTask:
C2:  29820 15798 % !   4       com.android.tools.r8.graph.i::a @ 133 (1446 bytes)

Stack: [0x000000573bc00000,0x000000573bd00000]
Native frames: (J=compiled Java code, j=interpreted, Vv=VM code, C=native code)
V  [jvm.dll+0x5ecfaa]
V  [jvm.dll+0x722bd5]
V  [jvm.dll+0x72412d]
V  [jvm.dll+0x7247e3]
V  [jvm.dll+0x242928]
V  [jvm.dll+0xbc4fc]
V  [jvm.dll+0xbca0c]
V  [jvm.dll+0x2b4fd4]
V  [jvm.dll+0x506028]
V  [jvm.dll+0x1fcbde]
V  [jvm.dll+0x1fa77f]
V  [jvm.dll+0x18354c]
V  [jvm.dll+0x208ee7]
V  [jvm.dll+0x207731]
V  [jvm.dll+0x6eb1cf]
V  [jvm.dll+0x6e3d45]
V  [jvm.dll+0x5ebe96]
C  [ucrtbase.dll+0x21bb2]
C  [KERNEL32.DLL+0x17034]
C  [ntdll.dll+0x52651]


---------------  P R O C E S S  ---------------

Threads class SMR info:
_java_thread_list=0x0000021a780c5ad0, length=68, elements={
0x0000021a500f9800, 0x0000021a6a564000, 0x0000021a6a56d800, 0x0000021a6a57c000,
0x0000021a6a57e800, 0x0000021a6a57f800, 0x0000021a6a587000, 0x0000021a6a58d800,
0x0000021a6a58e800, 0x0000021a6b084000, 0x0000021a6ce50000, 0x0000021a6d072000,
0x0000021a6d55e000, 0x0000021a6c124000, 0x0000021a6c7e5800, 0x0000021a6e18c000,
0x0000021a6ccd0800, 0x0000021a6de8a800, 0x0000021a6d9df000, 0x0000021a6d9dc800,
0x0000021a6d9e0000, 0x0000021a6d9da000, 0x0000021a6d9db000, 0x0000021a6d9dd800,
0x0000021a6d9e0800, 0x0000021a6d9db800, 0x0000021a6d9de000, 0x0000021a6d542800,
0x0000021a6d541000, 0x0000021a6d541800, 0x0000021a6d544000, 0x0000021a6d545000,
0x0000021a6d53f800, 0x0000021a6e908000, 0x0000021a6e905000, 0x0000021a6e909000,
0x0000021a6e905800, 0x0000021a6e906800, 0x0000021a6e907000, 0x0000021a6e904000,
0x0000021a6e903000, 0x0000021a6e90b800, 0x0000021a6e909800, 0x0000021a6e90a800,
0x0000021a6e910000, 0x0000021a6e90c000, 0x0000021a6e90e000, 0x0000021a6e90d000,
0x0000021a6e90e800, 0x0000021a6e90f800, 0x0000021a6e912000, 0x0000021a6c0d8000,
0x0000021a6c0d5800, 0x0000021a6c0d4800, 0x0000021a6c0d6000, 0x0000021a6c0d7000,
0x0000021a6c0d3000, 0x0000021a6c0d2000, 0x0000021a6c0d8800, 0x0000021a6c0dc000,
0x0000021a6c0df000, 0x0000021a6c0de800, 0x0000021a6c0d9800, 0x0000021a6c0e0000,
0x0000021a6c0dd800, 0x0000021a6c0dc800, 0x0000021a74384800, 0x0000021a74388800
}

Java Threads: ( => current thread )
  0x0000021a500f9800 JavaThread "main" [_thread_blocked, id=6200, stack(0x000000573b000000,0x000000573b100000)]
  0x0000021a6a564000 JavaThread "Reference Handler" daemon [_thread_blocked, id=9100, stack(0x000000573b700000,0x000000573b800000)]
  0x0000021a6a56d800 JavaThread "Finalizer" daemon [_thread_blocked, id=1416, stack(0x000000573b800000,0x000000573b900000)]
  0x0000021a6a57c000 JavaThread "Signal Dispatcher" daemon [_thread_blocked, id=12752, stack(0x000000573b900000,0x000000573ba00000)]
  0x0000021a6a57e800 JavaThread "Attach Listener" daemon [_thread_blocked, id=3824, stack(0x000000573ba00000,0x000000573bb00000)]
  0x0000021a6a57f800 JavaThread "Service Thread" daemon [_thread_blocked, id=13852, stack(0x000000573bb00000,0x000000573bc00000)]
=>0x0000021a6a587000 JavaThread "C2 CompilerThread0" daemon [_thread_in_native, id=6752, stack(0x000000573bc00000,0x000000573bd00000)]
  0x0000021a6a58d800 JavaThread "C1 CompilerThread0" daemon [_thread_blocked, id=4856, stack(0x000000573bd00000,0x000000573be00000)]
  0x0000021a6a58e800 JavaThread "Sweeper thread" daemon [_thread_blocked, id=4176, stack(0x000000573be00000,0x000000573bf00000)]
  0x0000021a6b084000 JavaThread "Common-Cleaner" daemon [_thread_blocked, id=11692, stack(0x000000573bf00000,0x000000573c000000)]
  0x0000021a6ce50000 JavaThread "Daemon health stats" [_thread_blocked, id=10200, stack(0x000000573c500000,0x000000573c600000)]
  0x0000021a6d072000 JavaThread "Incoming local TCP Connector on port 61791" [_thread_in_native, id=10020, stack(0x000000573c600000,0x000000573c700000)]
  0x0000021a6d55e000 JavaThread "Daemon periodic checks" [_thread_blocked, id=8600, stack(0x000000573c700000,0x000000573c800000)]
  0x0000021a6c124000 JavaThread "Daemon" [_thread_blocked, id=12896, stack(0x000000573c800000,0x000000573c900000)]
  0x0000021a6c7e5800 JavaThread "Handler for socket connection from /127.0.0.1:61791 to /127.0.0.1:61792" [_thread_in_native, id=12180, stack(0x000000573c900000,0x000000573ca00000)]
  0x0000021a6e18c000 JavaThread "Cancel handler" [_thread_blocked, id=5748, stack(0x000000573ca00000,0x000000573cb00000)]
  0x0000021a6ccd0800 JavaThread "Daemon worker" [_thread_blocked, id=14188, stack(0x000000573cb00000,0x000000573cc00000)]
  0x0000021a6de8a800 JavaThread "Asynchronous log dispatcher for DefaultDaemonConnection: socket connection from /127.0.0.1:61791 to /127.0.0.1:61792" [_thread_blocked, id=5152, stack(0x000000573cc00000,0x000000573cd00000)]
  0x0000021a6d9df000 JavaThread "Stdin handler" [_thread_blocked, id=14324, stack(0x000000573cd00000,0x000000573ce00000)]
  0x0000021a6d9dc800 JavaThread "Daemon client event forwarder" [_thread_blocked, id=9076, stack(0x000000573ce00000,0x000000573cf00000)]
  0x0000021a6d9e0000 JavaThread "Cache worker for file hash cache (C:\Users\froze\.gradle\caches\7.0.2\fileHashes)" [_thread_blocked, id=7852, stack(0x000000573d400000,0x000000573d500000)]
  0x0000021a6d9da000 JavaThread "File lock request listener" [_thread_in_native, id=12724, stack(0x000000573d500000,0x000000573d600000)]
  0x0000021a6d9db000 JavaThread "Cache worker for journal cache (C:\Users\froze\.gradle\caches\journal-1)" [_thread_blocked, id=12708, stack(0x000000573d700000,0x000000573d800000)]
  0x0000021a6d9dd800 JavaThread "Cache worker for file hash cache (C:\Users\froze\AndroidStudioProjects\Home_gym2\.gradle\7.0.2\fileHashes)" [_thread_blocked, id=13676, stack(0x000000573d800000,0x000000573d900000)]
  0x0000021a6d9e0800 JavaThread "File watcher server" daemon [_thread_in_native, id=7172, stack(0x000000573d900000,0x000000573da00000)]
  0x0000021a6d9db800 JavaThread "File watcher consumer" daemon [_thread_blocked, id=8716, stack(0x000000573da00000,0x000000573db00000)]
  0x0000021a6d9de000 JavaThread "Cache worker for checksums cache (C:\Users\froze\AndroidStudioProjects\Home_gym2\.gradle\checksums)" [_thread_blocked, id=13168, stack(0x000000573db00000,0x000000573dc00000)]
  0x0000021a6d542800 JavaThread "Cache worker for cache directory md-supplier (C:\Users\froze\.gradle\caches\7.0.2\md-supplier)" [_thread_blocked, id=14112, stack(0x000000573dc00000,0x000000573dd00000)]
  0x0000021a6d541000 JavaThread "Cache worker for cache directory md-rule (C:\Users\froze\.gradle\caches\7.0.2\md-rule)" [_thread_blocked, id=5088, stack(0x000000573dd00000,0x000000573de00000)]
  0x0000021a6d541800 JavaThread "Cache worker for execution history cache (C:\Users\froze\.gradle\caches\7.0.2\executionHistory)" [_thread_blocked, id=11860, stack(0x000000573de00000,0x000000573df00000)]
  0x0000021a6d544000 JavaThread "jar transforms" [_thread_blocked, id=9340, stack(0x000000573df00000,0x000000573e000000)]
  0x0000021a6d545000 JavaThread "jar transforms Thread 2" [_thread_blocked, id=5756, stack(0x000000573e000000,0x000000573e100000)]
  0x0000021a6d53f800 JavaThread "Cache worker for file content cache (C:\Users\froze\.gradle\caches\7.0.2\fileContent)" [_thread_blocked, id=13128, stack(0x000000573e100000,0x000000573e200000)]
  0x0000021a6e908000 JavaThread "Cache worker for dependencies-accessors (C:\Users\froze\AndroidStudioProjects\Home_gym2\.gradle\7.0.2\dependencies-accessors)" [_thread_blocked, id=9940, stack(0x000000573e200000,0x000000573e300000)]
  0x0000021a6e905000 JavaThread "jar transforms Thread 3" [_thread_blocked, id=13928, stack(0x000000573e300000,0x000000573e400000)]
  0x0000021a6e909000 JavaThread "Cache worker for Build Output Cleanup Cache (C:\Users\froze\AndroidStudioProjects\Home_gym2\.gradle\buildOutputCleanup)" [_thread_blocked, id=10704, stack(0x000000573e400000,0x000000573e500000)]
  0x0000021a6e905800 JavaThread "Build operations" [_thread_blocked, id=13692, stack(0x000000573e500000,0x000000573e600000)]
  0x0000021a6e906800 JavaThread "Build operations Thread 2" [_thread_blocked, id=264, stack(0x000000573e600000,0x000000573e700000)]
  0x0000021a6e907000 JavaThread "Build operations Thread 3" [_thread_blocked, id=7944, stack(0x000000573e700000,0x000000573e800000)]
  0x0000021a6e904000 JavaThread "Build operations Thread 4" [_thread_blocked, id=10272, stack(0x000000573e800000,0x000000573e900000)]
  0x0000021a6e903000 JavaThread "Build operations Thread 5" [_thread_blocked, id=6040, stack(0x000000573e900000,0x000000573ea00000)]
  0x0000021a6e90b800 JavaThread "Build operations Thread 6" [_thread_blocked, id=6524, stack(0x000000573ea00000,0x000000573eb00000)]
  0x0000021a6e909800 JavaThread "Build operations Thread 7" [_thread_blocked, id=2888, stack(0x000000573eb00000,0x000000573ec00000)]
  0x0000021a6e90a800 JavaThread "Build operations Thread 8" [_thread_blocked, id=12384, stack(0x000000573ec00000,0x000000573ed00000)]
  0x0000021a6e910000 JavaThread "jar transforms Thread 4" [_thread_blocked, id=13628, stack(0x000000573ed00000,0x000000573ee00000)]
  0x0000021a6e90c000 JavaThread "jar transforms Thread 5" [_thread_blocked, id=8860, stack(0x000000573ee00000,0x000000573ef00000)]
  0x0000021a6e90e000 JavaThread "jar transforms Thread 6" [_thread_blocked, id=10508, stack(0x000000573ef00000,0x000000573f000000)]
  0x0000021a6e90d000 JavaThread "jar transforms Thread 7" [_thread_blocked, id=4172, stack(0x000000573f000000,0x000000573f100000)]
  0x0000021a6e90e800 JavaThread "jar transforms Thread 8" [_thread_blocked, id=1072, stack(0x000000573f100000,0x000000573f200000)]
  0x0000021a6e90f800 JavaThread "Memory manager" [_thread_blocked, id=13352, stack(0x000000573c200000,0x000000573c300000)]
  0x0000021a6e912000 JavaThread "build event listener" [_thread_blocked, id=13492, stack(0x000000573f200000,0x000000573f300000)]
  0x0000021a6c0d8000 JavaThread "Execution worker for ':'" [_thread_blocked, id=13936, stack(0x000000573f300000,0x000000573f400000)]
  0x0000021a6c0d5800 JavaThread "Execution worker for ':' Thread 2" [_thread_blocked, id=2384, stack(0x000000573f400000,0x000000573f500000)]
  0x0000021a6c0d4800 JavaThread "Execution worker for ':' Thread 3" [_thread_blocked, id=1452, stack(0x000000573f500000,0x000000573f600000)]
  0x0000021a6c0d6000 JavaThread "Execution worker for ':' Thread 4" [_thread_blocked, id=12416, stack(0x000000573f600000,0x000000573f700000)]
  0x0000021a6c0d7000 JavaThread "Execution worker for ':' Thread 5" [_thread_blocked, id=9320, stack(0x000000573f700000,0x000000573f800000)]
  0x0000021a6c0d3000 JavaThread "Execution worker for ':' Thread 6" [_thread_blocked, id=5788, stack(0x000000573f800000,0x000000573f900000)]
  0x0000021a6c0d2000 JavaThread "Execution worker for ':' Thread 7" [_thread_blocked, id=14256, stack(0x000000573f900000,0x000000573fa00000)]
  0x0000021a6c0d8800 JavaThread "Cache worker for execution history cache (C:\Users\froze\AndroidStudioProjects\Home_gym2\.gradle\7.0.2\executionHistory)" [_thread_blocked, id=6944, stack(0x000000573c100000,0x000000573c200000)]
  0x0000021a6c0dc000 JavaThread "C2 CompilerThread1" daemon [_thread_in_native, id=12108, stack(0x000000573fb00000,0x000000573fc00000)]
  0x0000021a6c0df000 JavaThread "WorkerExecutor Queue Thread 4" [_thread_blocked, id=12952, stack(0x000000573fe00000,0x000000573ff00000)]
  0x0000021a6c0de800 JavaThread "WorkerExecutor Queue Thread 7" [_thread_blocked, id=6956, stack(0x0000005740100000,0x0000005740200000)]
  0x0000021a6c0d9800 JavaThread "C2 CompilerThread2" daemon [_thread_blocked, id=10636, stack(0x000000573fa00000,0x000000573fb00000)]
  0x0000021a6c0e0000 JavaThread "WorkerExecutor Queue Thread 9" [_thread_blocked, id=7816, stack(0x000000573fc00000,0x000000573fd00000)]
  0x0000021a6c0dd800 JavaThread "WorkerExecutor Queue Thread 10" [_thread_blocked, id=3568, stack(0x000000573fd00000,0x000000573fe00000)]
  0x0000021a6c0dc800 JavaThread "pool-3-thread-1" [_thread_blocked, id=10608, stack(0x000000573ff00000,0x0000005740000000)]
  0x0000021a74384800 JavaThread "stderr" [_thread_in_native, id=10356, stack(0x0000005740900000,0x0000005740a00000)]
  0x0000021a74388800 JavaThread "stdout" [_thread_in_native, id=6736, stack(0x0000005740a00000,0x0000005740b00000)]

Other Threads:
  0x0000021a6a560000 VMThread "VM Thread" [stack: 0x000000573b600000,0x000000573b700000] [id=12804]
  0x0000021a6b085000 WatcherThread [stack: 0x000000573c000000,0x000000573c100000] [id=9500]
  0x0000021a50114000 GCTaskThread "GC Thread#0" [stack: 0x000000573b100000,0x000000573b200000] [id=4804]
  0x0000021a6bfbf800 GCTaskThread "GC Thread#1" [stack: 0x000000573c300000,0x000000573c400000] [id=12440]
  0x0000021a6bfc0000 GCTaskThread "GC Thread#2" [stack: 0x000000573c400000,0x000000573c500000] [id=13876]
  0x0000021a6db69000 GCTaskThread "GC Thread#3" [stack: 0x000000573cf00000,0x000000573d000000] [id=6208]
  0x0000021a6d01a000 GCTaskThread "GC Thread#4" [stack: 0x000000573d000000,0x000000573d100000] [id=2144]
  0x0000021a6d141000 GCTaskThread "GC Thread#5" [stack: 0x000000573d100000,0x000000573d200000] [id=11468]
  0x0000021a6d0ba800 GCTaskThread "GC Thread#6" [stack: 0x000000573d200000,0x000000573d300000] [id=4532]
  0x0000021a6d1d8000 GCTaskThread "GC Thread#7" [stack: 0x000000573d300000,0x000000573d400000] [id=5816]
  0x0000021a50147000 ConcurrentGCThread "G1 Main Marker" [stack: 0x000000573b200000,0x000000573b300000] [id=11984]
  0x0000021a50149800 ConcurrentGCThread "G1 Conc#0" [stack: 0x000000573b300000,0x000000573b400000] [id=12652]
  0x0000021a6db29800 ConcurrentGCThread "G1 Conc#1" [stack: 0x000000573d600000,0x000000573d700000] [id=10396]
  0x0000021a6a3b0800 ConcurrentGCThread "G1 Refine#0" [stack: 0x000000573b400000,0x000000573b500000] [id=408]
  0x0000021a6a3b1000 ConcurrentGCThread "G1 Young RemSet Sampling" [stack: 0x000000573b500000,0x000000573b600000] [id=13468]

Threads with active compile tasks:
C2 CompilerThread0  29922 15798 % !   4       com.android.tools.r8.graph.i::a @ 133 (1446 bytes)
C2 CompilerThread1  29922 15899 %     4       com.android.tools.r8.ir.regalloc.a::a @ 281 (946 bytes)

VM state:not at safepoint (normal execution)

VM Mutex/Monitor currently owned by a thread: None

Heap address: 0x0000000080000000, size: 2048 MB, Compressed Oops mode: 32-bit
Narrow klass base: 0x0000000000000000, Narrow klass shift: 3
Compressed class space size: 1073741824 Address: 0x0000000100000000

Heap:
 garbage-first heap   total 377856K, used 315675K [0x0000000080000000, 0x0000000100000000)
  region size 1024K, 195 young (199680K), 22 survivors (22528K)
 Metaspace       used 112605K, capacity 115505K, committed 115984K, reserved 1150976K
  class space    used 14111K, capacity 15179K, committed 15512K, reserved 1048576K
Heap Regions: E=young(eden), S=young(survivor), O=old, HS=humongous(starts), HC=humongous(continues), CS=collection set, F=free, A=archive, TAMS=top-at-mark-start (previous, next)
|   0|0x0000000080000000, 0x0000000080100000, 0x0000000080100000|100%| O|  |TAMS 0x0000000080100000, 0x0000000080000000| Untracked 
|   1|0x0000000080100000, 0x0000000080200000, 0x0000000080200000|100%| O|  |TAMS 0x0000000080200000, 0x0000000080100000| Untracked 
|   2|0x0000000080200000, 0x0000000080300000, 0x0000000080300000|100%| O|  |TAMS 0x0000000080300000, 0x0000000080200000| Untracked 
|   3|0x0000000080300000, 0x0000000080400000, 0x0000000080400000|100%|HS|  |TAMS 0x0000000080400000, 0x0000000080300000| Complete 
|   4|0x0000000080400000, 0x0000000080500000, 0x0000000080500000|100%|HC|  |TAMS 0x0000000080500000, 0x0000000080400000| Complete 
|   5|0x0000000080500000, 0x0000000080600000, 0x0000000080600000|100%|HC|  |TAMS 0x0000000080600000, 0x0000000080500000| Complete 
|   6|0x0000000080600000, 0x0000000080700000, 0x0000000080700000|100%| O|  |TAMS 0x0000000080700000, 0x0000000080600000| Untracked 
|   7|0x0000000080700000, 0x0000000080800000, 0x0000000080800000|100%| O|  |TAMS 0x0000000080800000, 0x0000000080700000| Untracked 
|   8|0x0000000080800000, 0x0000000080900000, 0x0000000080900000|100%| O|  |TAMS 0x0000000080900000, 0x0000000080800000| Untracked 
|   9|0x0000000080900000, 0x0000000080a00000, 0x0000000080a00000|100%| O|  |TAMS 0x0000000080a00000, 0x0000000080900000| Untracked 
|  10|0x0000000080a00000, 0x0000000080b00000, 0x0000000080b00000|100%| O|  |TAMS 0x0000000080b00000, 0x0000000080a00000| Untracked 
|  11|0x0000000080b00000, 0x0000000080c00000, 0x0000000080c00000|100%| O|  |TAMS 0x0000000080c00000, 0x0000000080b00000| Untracked 
|  12|0x0000000080c00000, 0x0000000080d00000, 0x0000000080d00000|100%| O|  |TAMS 0x0000000080d00000, 0x0000000080c00000| Untracked 
|  13|0x0000000080d00000, 0x0000000080e00000, 0x0000000080e00000|100%| O|  |TAMS 0x0000000080e00000, 0x0000000080d00000| Untracked 
|  14|0x0000000080e00000, 0x0000000080f00000, 0x0000000080f00000|100%| O|  |TAMS 0x0000000080f00000, 0x0000000080e00000| Untracked 
|  15|0x0000000080f00000, 0x0000000081000000, 0x0000000081000000|100%| O|  |TAMS 0x0000000081000000, 0x0000000080f00000| Untracked 
|  16|0x0000000081000000, 0x0000000081100000, 0x0000000081100000|100%| O|  |TAMS 0x0000000081100000, 0x0000000081000000| Untracked 
|  17|0x0000000081100000, 0x0000000081200000, 0x0000000081200000|100%| O|  |TAMS 0x0000000081200000, 0x0000000081100000| Untracked 
|  18|0x0000000081200000, 0x0000000081300000, 0x0000000081300000|100%| O|  |TAMS 0x0000000081300000, 0x0000000081200000| Untracked 
|  19|0x0000000081300000, 0x0000000081400000, 0x0000000081400000|100%|HS|  |TAMS 0x0000000081400000, 0x0000000081300000| Complete 
|  20|0x0000000081400000, 0x0000000081500000, 0x0000000081500000|100%| O|  |TAMS 0x0000000081500000, 0x0000000081400000| Untracked 
|  21|0x0000000081500000, 0x0000000081600000, 0x0000000081600000|100%| O|  |TAMS 0x0000000081600000, 0x0000000081500000| Untracked 
|  22|0x0000000081600000, 0x0000000081700000, 0x0000000081700000|100%| O|  |TAMS 0x0000000081700000, 0x0000000081600000| Untracked 
|  23|0x0000000081700000, 0x0000000081800000, 0x0000000081800000|100%| O|  |TAMS 0x0000000081800000, 0x0000000081700000| Untracked 
|  24|0x0000000081800000, 0x0000000081900000, 0x0000000081900000|100%|HS|  |TAMS 0x0000000081900000, 0x0000000081800000| Complete 
|  25|0x0000000081900000, 0x0000000081a00000, 0x0000000081a00000|100%|HS|  |TAMS 0x0000000081a00000, 0x0000000081900000| Complete 
|  26|0x0000000081a00000, 0x0000000081b00000, 0x0000000081b00000|100%|HC|  |TAMS 0x0000000081b00000, 0x0000000081a00000| Complete 
|  27|0x0000000081b00000, 0x0000000081c00000, 0x0000000081c00000|100%| O|  |TAMS 0x0000000081c00000, 0x0000000081b00000| Untracked 
|  28|0x0000000081c00000, 0x0000000081d00000, 0x0000000081d00000|100%| O|  |TAMS 0x0000000081d00000, 0x0000000081c00000| Untracked 
|  29|0x0000000081d00000, 0x0000000081e00000, 0x0000000081e00000|100%| O|  |TAMS 0x0000000081e00000, 0x0000000081d00000| Untracked 
|  30|0x0000000081e00000, 0x0000000081f00000, 0x0000000081f00000|100%| O|  |TAMS 0x0000000081f00000, 0x0000000081e00000| Untracked 
|  31|0x0000000081f00000, 0x0000000082000000, 0x0000000082000000|100%| O|  |TAMS 0x0000000082000000, 0x0000000081f00000| Untracked 
|  32|0x0000000082000000, 0x0000000082100000, 0x0000000082100000|100%| O|  |TAMS 0x0000000082100000, 0x0000000082000000| Untracked 
|  33|0x0000000082100000, 0x0000000082200000, 0x0000000082200000|100%| O|  |TAMS 0x0000000082200000, 0x0000000082100000| Untracked 
|  34|0x0000000082200000, 0x0000000082300000, 0x0000000082300000|100%| O|  |TAMS 0x0000000082300000, 0x0000000082200000| Untracked 
|  35|0x0000000082300000, 0x0000000082400000, 0x0000000082400000|100%| O|  |TAMS 0x0000000082400000, 0x0000000082300000| Untracked 
|  36|0x0000000082400000, 0x0000000082500000, 0x0000000082500000|100%| O|  |TAMS 0x0000000082500000, 0x0000000082400000| Untracked 
|  37|0x0000000082500000, 0x0000000082600000, 0x0000000082600000|100%| O|  |TAMS 0x0000000082600000, 0x0000000082500000| Untracked 
|  38|0x0000000082600000, 0x0000000082700000, 0x0000000082700000|100%| O|  |TAMS 0x0000000082700000, 0x0000000082600000| Untracked 
|  39|0x0000000082700000, 0x0000000082800000, 0x0000000082800000|100%| O|  |TAMS 0x0000000082800000, 0x0000000082700000| Untracked 
|  40|0x0000000082800000, 0x0000000082900000, 0x0000000082900000|100%| O|  |TAMS 0x0000000082900000, 0x0000000082800000| Untracked 
|  41|0x0000000082900000, 0x0000000082a00000, 0x0000000082a00000|100%| O|  |TAMS 0x0000000082a00000, 0x0000000082900000| Untracked 
|  42|0x0000000082a00000, 0x0000000082b00000, 0x0000000082b00000|100%| O|  |TAMS 0x0000000082b00000, 0x0000000082a00000| Untracked 
|  43|0x0000000082b00000, 0x0000000082c00000, 0x0000000082c00000|100%| O|  |TAMS 0x0000000082c00000, 0x0000000082b00000| Untracked 
|  44|0x0000000082c00000, 0x0000000082d00000, 0x0000000082d00000|100%| O|  |TAMS 0x0000000082d00000, 0x0000000082c00000| Untracked 
|  45|0x0000000082d00000, 0x0000000082e00000, 0x0000000082e00000|100%| O|  |TAMS 0x0000000082e00000, 0x0000000082d00000| Untracked 
|  46|0x0000000082e00000, 0x0000000082f00000, 0x0000000082f00000|100%| O|  |TAMS 0x0000000082f00000, 0x0000000082e00000| Untracked 
|  47|0x0000000082f00000, 0x0000000083000000, 0x0000000083000000|100%| O|  |TAMS 0x0000000083000000, 0x0000000082f00000| Untracked 
|  48|0x0000000083000000, 0x0000000083100000, 0x0000000083100000|100%| O|  |TAMS 0x0000000083100000, 0x0000000083000000| Untracked 
|  49|0x0000000083100000, 0x0000000083200000, 0x0000000083200000|100%| O|  |TAMS 0x0000000083200000, 0x0000000083100000| Untracked 
|  50|0x0000000083200000, 0x0000000083300000, 0x0000000083300000|100%| O|  |TAMS 0x0000000083300000, 0x0000000083200000| Untracked 
|  51|0x0000000083300000, 0x0000000083400000, 0x0000000083400000|100%| O|  |TAMS 0x0000000083400000, 0x0000000083300000| Untracked 
|  52|0x0000000083400000, 0x0000000083500000, 0x0000000083500000|100%| O|  |TAMS 0x0000000083500000, 0x0000000083400000| Untracked 
|  53|0x0000000083500000, 0x0000000083600000, 0x0000000083600000|100%| O|  |TAMS 0x0000000083600000, 0x0000000083500000| Untracked 
|  54|0x0000000083600000, 0x0000000083700000, 0x0000000083700000|100%| O|  |TAMS 0x0000000083700000, 0x0000000083600000| Untracked 
|  55|0x0000000083700000, 0x0000000083800000, 0x0000000083800000|100%| O|  |TAMS 0x0000000083800000, 0x0000000083700000| Untracked 
|  56|0x0000000083800000, 0x0000000083900000, 0x0000000083900000|100%| O|  |TAMS 0x0000000083900000, 0x0000000083800000| Untracked 
|  57|0x0000000083900000, 0x0000000083a00000, 0x0000000083a00000|100%| O|  |TAMS 0x0000000083a00000, 0x0000000083900000| Untracked 
|  58|0x0000000083a00000, 0x0000000083b00000, 0x0000000083b00000|100%| O|  |TAMS 0x0000000083b00000, 0x0000000083a00000| Untracked 
|  59|0x0000000083b00000, 0x0000000083c00000, 0x0000000083c00000|100%| O|  |TAMS 0x0000000083c00000, 0x0000000083b00000| Untracked 
|  60|0x0000000083c00000, 0x0000000083d00000, 0x0000000083d00000|100%|HS|  |TAMS 0x0000000083c00000, 0x0000000083c00000| Complete 
|  61|0x0000000083d00000, 0x0000000083e00000, 0x0000000083e00000|100%| O|  |TAMS 0x0000000083e00000, 0x0000000083d00000| Untracked 
|  62|0x0000000083e00000, 0x0000000083f00000, 0x0000000083f00000|100%| O|  |TAMS 0x0000000083f00000, 0x0000000083e00000| Untracked 
|  63|0x0000000083f00000, 0x0000000084000000, 0x0000000084000000|100%| O|  |TAMS 0x0000000084000000, 0x0000000083f00000| Untracked 
|  64|0x0000000084000000, 0x0000000084100000, 0x0000000084100000|100%| O|  |TAMS 0x0000000084100000, 0x0000000084000000| Untracked 
|  65|0x0000000084100000, 0x0000000084200000, 0x0000000084200000|100%| O|  |TAMS 0x0000000084200000, 0x0000000084100000| Untracked 
|  66|0x0000000084200000, 0x0000000084300000, 0x0000000084300000|100%| O|  |TAMS 0x0000000084300000, 0x0000000084200000| Untracked 
|  67|0x0000000084300000, 0x0000000084400000, 0x0000000084400000|100%| O|  |TAMS 0x0000000084400000, 0x0000000084300000| Untracked 
|  68|0x0000000084400000, 0x0000000084500000, 0x0000000084500000|100%| O|  |TAMS 0x0000000084500000, 0x0000000084400000| Untracked 
|  69|0x0000000084500000, 0x0000000084600000, 0x0000000084600000|100%| O|  |TAMS 0x0000000084600000, 0x0000000084500000| Untracked 
|  70|0x0000000084600000, 0x0000000084700000, 0x0000000084700000|100%| O|  |TAMS 0x0000000084700000, 0x0000000084600000| Untracked 
|  71|0x0000000084700000, 0x0000000084800000, 0x0000000084800000|100%| O|  |TAMS 0x0000000084800000, 0x0000000084700000| Untracked 
|  72|0x0000000084800000, 0x0000000084900000, 0x0000000084900000|100%| O|  |TAMS 0x0000000084900000, 0x0000000084800000| Untracked 
|  73|0x0000000084900000, 0x0000000084a00000, 0x0000000084a00000|100%| O|  |TAMS 0x0000000084a00000, 0x0000000084900000| Untracked 
|  74|0x0000000084a00000, 0x0000000084b00000, 0x0000000084b00000|100%| O|  |TAMS 0x0000000084a34600, 0x0000000084a00000| Untracked 
|  75|0x0000000084b00000, 0x0000000084c00000, 0x0000000084c00000|100%| O|  |TAMS 0x0000000084c00000, 0x0000000084b00000| Untracked 
|  76|0x0000000084c00000, 0x0000000084d00000, 0x0000000084d00000|100%| O|  |TAMS 0x0000000084d00000, 0x0000000084c00000| Untracked 
|  77|0x0000000084d00000, 0x0000000084e00000, 0x0000000084e00000|100%|HS|  |TAMS 0x0000000084d00000, 0x0000000084d00000| Complete 
|  78|0x0000000084e00000, 0x0000000084f00000, 0x0000000084f00000|100%| O|  |TAMS 0x0000000084e00000, 0x0000000084e00000| Untracked 
|  79|0x0000000084f00000, 0x0000000085000000, 0x0000000085000000|100%| O|  |TAMS 0x0000000085000000, 0x0000000084f00000| Untracked 
|  80|0x0000000085000000, 0x0000000085100000, 0x0000000085100000|100%| O|  |TAMS 0x0000000085100000, 0x0000000085000000| Untracked 
|  81|0x0000000085100000, 0x0000000085200000, 0x0000000085200000|100%| O|  |TAMS 0x0000000085200000, 0x0000000085100000| Untracked 
|  82|0x0000000085200000, 0x0000000085300000, 0x0000000085300000|100%| O|  |TAMS 0x0000000085300000, 0x0000000085200000| Untracked 
|  83|0x0000000085300000, 0x0000000085400000, 0x0000000085400000|100%| O|  |TAMS 0x0000000085400000, 0x0000000085300000| Untracked 
|  84|0x0000000085400000, 0x0000000085500000, 0x0000000085500000|100%| O|  |TAMS 0x0000000085500000, 0x0000000085400000| Untracked 
|  85|0x0000000085500000, 0x0000000085600000, 0x0000000085600000|100%| O|  |TAMS 0x0000000085600000, 0x0000000085500000| Untracked 
|  86|0x0000000085600000, 0x0000000085700000, 0x0000000085700000|100%| O|  |TAMS 0x0000000085700000, 0x0000000085600000| Untracked 
|  87|0x0000000085700000, 0x0000000085800000, 0x0000000085800000|100%| O|  |TAMS 0x0000000085800000, 0x0000000085700000| Untracked 
|  88|0x0000000085800000, 0x0000000085900000, 0x0000000085900000|100%| O|  |TAMS 0x0000000085900000, 0x0000000085800000| Untracked 
|  89|0x0000000085900000, 0x0000000085a00000, 0x0000000085a00000|100%| O|  |TAMS 0x0000000085a00000, 0x0000000085900000| Untracked 
|  90|0x0000000085a00000, 0x0000000085b00000, 0x0000000085b00000|100%| O|  |TAMS 0x0000000085b00000, 0x0000000085a00000| Untracked 
|  91|0x0000000085b00000, 0x0000000085c00000, 0x0000000085c00000|100%| O|  |TAMS 0x0000000085c00000, 0x0000000085b00000| Untracked 
|  92|0x0000000085c00000, 0x0000000085d00000, 0x0000000085d00000|100%| O|  |TAMS 0x0000000085d00000, 0x0000000085c00000| Untracked 
|  93|0x0000000085d00000, 0x0000000085e00000, 0x0000000085e00000|100%| O|  |TAMS 0x0000000085e00000, 0x0000000085d00000| Untracked 
|  94|0x0000000085e00000, 0x0000000085f00000, 0x0000000085f00000|100%| O|  |TAMS 0x0000000085f00000, 0x0000000085e00000| Untracked 
|  95|0x0000000085f00000, 0x0000000086000000, 0x0000000086000000|100%| O|  |TAMS 0x0000000086000000, 0x0000000085f00000| Untracked 
|  96|0x0000000086000000, 0x0000000086100000, 0x0000000086100000|100%| O|  |TAMS 0x0000000086100000, 0x0000000086000000| Untracked 
|  97|0x0000000086100000, 0x0000000086200000, 0x0000000086200000|100%|HS|  |TAMS 0x0000000086100000, 0x0000000086100000| Complete 
|  98|0x0000000086200000, 0x0000000086300000, 0x0000000086300000|100%| O|  |TAMS 0x0000000086300000, 0x0000000086200000| Untracked 
|  99|0x0000000086300000, 0x0000000086400000, 0x0000000086400000|100%| O|  |TAMS 0x0000000086400000, 0x0000000086300000| Untracked 
| 100|0x0000000086400000, 0x0000000086500000, 0x0000000086500000|100%| O|  |TAMS 0x0000000086500000, 0x0000000086400000| Untracked 
| 101|0x0000000086500000, 0x0000000086600000, 0x0000000086600000|100%| O|  |TAMS 0x0000000086600000, 0x0000000086500000| Untracked 
| 102|0x0000000086600000, 0x0000000086700000, 0x0000000086700000|100%| O|  |TAMS 0x0000000086600000, 0x0000000086600000| Untracked 
| 103|0x0000000086700000, 0x0000000086800000, 0x0000000086800000|100%| O|  |TAMS 0x0000000086700000, 0x0000000086700000| Untracked 
| 104|0x0000000086800000, 0x00000000868e6800, 0x0000000086900000| 90%| O|  |TAMS 0x0000000086800000, 0x0000000086800000| Untracked 
| 105|0x0000000086900000, 0x0000000086a00000, 0x0000000086a00000|100%|HS|  |TAMS 0x0000000086900000, 0x0000000086900000| Complete 
| 106|0x0000000086a00000, 0x0000000086b00000, 0x0000000086b00000|100%|HS|  |TAMS 0x0000000086a00000, 0x0000000086a00000| Complete 
| 107|0x0000000086b00000, 0x0000000086c00000, 0x0000000086c00000|100%|HS|  |TAMS 0x0000000086b00000, 0x0000000086b00000| Complete 
| 108|0x0000000086c00000, 0x0000000086d00000, 0x0000000086d00000|100%|HS|  |TAMS 0x0000000086c00000, 0x0000000086c00000| Complete 
| 109|0x0000000086d00000, 0x0000000086e00000, 0x0000000086e00000|100%|HS|  |TAMS 0x0000000086d00000, 0x0000000086d00000| Complete 
| 110|0x0000000086e00000, 0x0000000086f00000, 0x0000000086f00000|100%|HS|  |TAMS 0x0000000086e00000, 0x0000000086e00000| Complete 
| 111|0x0000000086f00000, 0x0000000087000000, 0x0000000087000000|100%|HS|  |TAMS 0x0000000086f00000, 0x0000000086f00000| Complete 
| 112|0x0000000087000000, 0x0000000087100000, 0x0000000087100000|100%|HC|  |TAMS 0x0000000087000000, 0x0000000087000000| Complete 
| 113|0x0000000087100000, 0x0000000087200000, 0x0000000087200000|100%|HC|  |TAMS 0x0000000087100000, 0x0000000087100000| Complete 
| 114|0x0000000087200000, 0x0000000087300000, 0x0000000087300000|100%|HC|  |TAMS 0x0000000087200000, 0x0000000087200000| Complete 
| 115|0x0000000087300000, 0x0000000087400000, 0x0000000087400000|100%|HC|  |TAMS 0x0000000087300000, 0x0000000087300000| Complete 
| 116|0x0000000087400000, 0x0000000087400000, 0x0000000087500000|  0%| F|  |TAMS 0x0000000087400000, 0x0000000087400000| Untracked 
| 117|0x0000000087500000, 0x0000000087500000, 0x0000000087600000|  0%| F|  |TAMS 0x0000000087500000, 0x0000000087500000| Untracked 
| 118|0x0000000087600000, 0x0000000087600000, 0x0000000087700000|  0%| F|  |TAMS 0x0000000087600000, 0x0000000087600000| Untracked 
| 119|0x0000000087700000, 0x0000000087700000, 0x0000000087800000|  0%| F|  |TAMS 0x0000000087700000, 0x0000000087700000| Untracked 
| 120|0x0000000087800000, 0x0000000087800000, 0x0000000087900000|  0%| F|  |TAMS 0x0000000087800000, 0x0000000087800000| Untracked 
| 121|0x0000000087900000, 0x0000000087900000, 0x0000000087a00000|  0%| F|  |TAMS 0x0000000087900000, 0x0000000087900000| Untracked 
| 122|0x0000000087a00000, 0x0000000087a00000, 0x0000000087b00000|  0%| F|  |TAMS 0x0000000087a00000, 0x0000000087a00000| Untracked 
| 123|0x0000000087b00000, 0x0000000087b00000, 0x0000000087c00000|  0%| F|  |TAMS 0x0000000087b00000, 0x0000000087b00000| Untracked 
| 124|0x0000000087c00000, 0x0000000087c00000, 0x0000000087d00000|  0%| F|  |TAMS 0x0000000087c00000, 0x0000000087c00000| Untracked 
| 125|0x0000000087d00000, 0x0000000087d00000, 0x0000000087e00000|  0%| F|  |TAMS 0x0000000087d00000, 0x0000000087d00000| Untracked 
| 126|0x0000000087e00000, 0x0000000087e00000, 0x0000000087f00000|  0%| F|  |TAMS 0x0000000087e00000, 0x0000000087e00000| Untracked 
| 127|0x0000000087f00000, 0x0000000087f00000, 0x0000000088000000|  0%| F|  |TAMS 0x0000000087f00000, 0x0000000087f00000| Untracked 
| 128|0x0000000088000000, 0x0000000088000000, 0x0000000088100000|  0%| F|  |TAMS 0x0000000088000000, 0x0000000088000000| Untracked 
| 129|0x0000000088100000, 0x0000000088100000, 0x0000000088200000|  0%| F|  |TAMS 0x0000000088100000, 0x0000000088100000| Untracked 
| 130|0x0000000088200000, 0x0000000088200000, 0x0000000088300000|  0%| F|  |TAMS 0x0000000088200000, 0x0000000088200000| Untracked 
| 131|0x0000000088300000, 0x0000000088360680, 0x0000000088400000| 37%| S|CS|TAMS 0x0000000088300000, 0x0000000088300000| Complete 
| 132|0x0000000088400000, 0x0000000088500000, 0x0000000088500000|100%| S|CS|TAMS 0x0000000088400000, 0x0000000088400000| Complete 
| 133|0x0000000088500000, 0x0000000088600000, 0x0000000088600000|100%| S|CS|TAMS 0x0000000088500000, 0x0000000088500000| Complete 
| 134|0x0000000088600000, 0x0000000088700000, 0x0000000088700000|100%| S|CS|TAMS 0x0000000088600000, 0x0000000088600000| Complete 
| 135|0x0000000088700000, 0x0000000088800000, 0x0000000088800000|100%| S|CS|TAMS 0x0000000088700000, 0x0000000088700000| Complete 
| 136|0x0000000088800000, 0x0000000088900000, 0x0000000088900000|100%| S|CS|TAMS 0x0000000088800000, 0x0000000088800000| Complete 
| 137|0x0000000088900000, 0x0000000088a00000, 0x0000000088a00000|100%| S|CS|TAMS 0x0000000088900000, 0x0000000088900000| Complete 
| 138|0x0000000088a00000, 0x0000000088b00000, 0x0000000088b00000|100%| S|CS|TAMS 0x0000000088a00000, 0x0000000088a00000| Complete 
| 139|0x0000000088b00000, 0x0000000088c00000, 0x0000000088c00000|100%| S|CS|TAMS 0x0000000088b00000, 0x0000000088b00000| Complete 
| 140|0x0000000088c00000, 0x0000000088d00000, 0x0000000088d00000|100%| S|CS|TAMS 0x0000000088c00000, 0x0000000088c00000| Complete 
| 141|0x0000000088d00000, 0x0000000088e00000, 0x0000000088e00000|100%| S|CS|TAMS 0x0000000088d00000, 0x0000000088d00000| Complete 
| 142|0x0000000088e00000, 0x0000000088f00000, 0x0000000088f00000|100%| S|CS|TAMS 0x0000000088e00000, 0x0000000088e00000| Complete 
| 143|0x0000000088f00000, 0x0000000089000000, 0x0000000089000000|100%| S|CS|TAMS 0x0000000088f00000, 0x0000000088f00000| Complete 
| 144|0x0000000089000000, 0x0000000089000000, 0x0000000089100000|  0%| F|  |TAMS 0x0000000089000000, 0x0000000089000000| Untracked 
| 145|0x0000000089100000, 0x0000000089100000, 0x0000000089200000|  0%| F|  |TAMS 0x0000000089100000, 0x0000000089100000| Untracked 
| 146|0x0000000089200000, 0x0000000089200000, 0x0000000089300000|  0%| F|  |TAMS 0x0000000089200000, 0x0000000089200000| Untracked 
| 147|0x0000000089300000, 0x0000000089300000, 0x0000000089400000|  0%| F|  |TAMS 0x0000000089300000, 0x0000000089300000| Untracked 
| 148|0x0000000089400000, 0x0000000089500000, 0x0000000089500000|100%| S|CS|TAMS 0x0000000089400000, 0x0000000089400000| Complete 
| 149|0x0000000089500000, 0x0000000089600000, 0x0000000089600000|100%| S|CS|TAMS 0x0000000089500000, 0x0000000089500000| Complete 
| 150|0x0000000089600000, 0x0000000089700000, 0x0000000089700000|100%| S|CS|TAMS 0x0000000089600000, 0x0000000089600000| Complete 
| 151|0x0000000089700000, 0x0000000089800000, 0x0000000089800000|100%| S|CS|TAMS 0x0000000089700000, 0x0000000089700000| Complete 
| 152|0x0000000089800000, 0x0000000089900000, 0x0000000089900000|100%| S|CS|TAMS 0x0000000089800000, 0x0000000089800000| Complete 
| 153|0x0000000089900000, 0x0000000089a00000, 0x0000000089a00000|100%| S|CS|TAMS 0x0000000089900000, 0x0000000089900000| Complete 
| 154|0x0000000089a00000, 0x0000000089b00000, 0x0000000089b00000|100%| S|CS|TAMS 0x0000000089a00000, 0x0000000089a00000| Complete 
| 155|0x0000000089b00000, 0x0000000089c00000, 0x0000000089c00000|100%| S|CS|TAMS 0x0000000089b00000, 0x0000000089b00000| Complete 
| 156|0x0000000089c00000, 0x0000000089d00000, 0x0000000089d00000|100%| S|CS|TAMS 0x0000000089c00000, 0x0000000089c00000| Complete 
| 157|0x0000000089d00000, 0x0000000089d00000, 0x0000000089e00000|  0%| F|  |TAMS 0x0000000089d00000, 0x0000000089d00000| Untracked 
| 158|0x0000000089e00000, 0x0000000089e00000, 0x0000000089f00000|  0%| F|  |TAMS 0x0000000089e00000, 0x0000000089e00000| Untracked 
| 159|0x0000000089f00000, 0x0000000089f00000, 0x000000008a000000|  0%| F|  |TAMS 0x0000000089f00000, 0x0000000089f00000| Untracked 
| 160|0x000000008a000000, 0x000000008a000000, 0x000000008a100000|  0%| F|  |TAMS 0x000000008a000000, 0x000000008a000000| Untracked 
| 161|0x000000008a100000, 0x000000008a100000, 0x000000008a200000|  0%| F|  |TAMS 0x000000008a100000, 0x000000008a100000| Untracked 
| 162|0x000000008a200000, 0x000000008a200000, 0x000000008a300000|  0%| F|  |TAMS 0x000000008a200000, 0x000000008a200000| Untracked 
| 163|0x000000008a300000, 0x000000008a300000, 0x000000008a400000|  0%| F|  |TAMS 0x000000008a300000, 0x000000008a300000| Untracked 
| 164|0x000000008a400000, 0x000000008a400000, 0x000000008a500000|  0%| F|  |TAMS 0x000000008a400000, 0x000000008a400000| Untracked 
| 165|0x000000008a500000, 0x000000008a500000, 0x000000008a600000|  0%| F|  |TAMS 0x000000008a500000, 0x000000008a500000| Untracked 
| 166|0x000000008a600000, 0x000000008a600000, 0x000000008a700000|  0%| F|  |TAMS 0x000000008a600000, 0x000000008a600000| Untracked 
| 167|0x000000008a700000, 0x000000008a700000, 0x000000008a800000|  0%| F|  |TAMS 0x000000008a700000, 0x000000008a700000| Untracked 
| 168|0x000000008a800000, 0x000000008a800000, 0x000000008a900000|  0%| F|  |TAMS 0x000000008a800000, 0x000000008a800000| Untracked 
| 169|0x000000008a900000, 0x000000008a900000, 0x000000008aa00000|  0%| F|  |TAMS 0x000000008a900000, 0x000000008a900000| Untracked 
| 170|0x000000008aa00000, 0x000000008aa00000, 0x000000008ab00000|  0%| F|  |TAMS 0x000000008aa00000, 0x000000008aa00000| Untracked 
| 171|0x000000008ab00000, 0x000000008ab00000, 0x000000008ac00000|  0%| F|  |TAMS 0x000000008ab00000, 0x000000008ab00000| Untracked 
| 172|0x000000008ac00000, 0x000000008ac00000, 0x000000008ad00000|  0%| F|  |TAMS 0x000000008ac00000, 0x000000008ac00000| Untracked 
| 173|0x000000008ad00000, 0x000000008ad00000, 0x000000008ae00000|  0%| F|  |TAMS 0x000000008ad00000, 0x000000008ad00000| Untracked 
| 174|0x000000008ae00000, 0x000000008ae00000, 0x000000008af00000|  0%| F|  |TAMS 0x000000008ae00000, 0x000000008ae00000| Untracked 
| 175|0x000000008af00000, 0x000000008af00000, 0x000000008b000000|  0%| F|  |TAMS 0x000000008af00000, 0x000000008af00000| Untracked 
| 176|0x000000008b000000, 0x000000008b000000, 0x000000008b100000|  0%| F|  |TAMS 0x000000008b000000, 0x000000008b000000| Untracked 
| 177|0x000000008b100000, 0x000000008b100000, 0x000000008b200000|  0%| F|  |TAMS 0x000000008b100000, 0x000000008b100000| Untracked 
| 178|0x000000008b200000, 0x000000008b200000, 0x000000008b300000|  0%| F|  |TAMS 0x000000008b200000, 0x000000008b200000| Untracked 
| 179|0x000000008b300000, 0x000000008b300000, 0x000000008b400000|  0%| F|  |TAMS 0x000000008b300000, 0x000000008b300000| Untracked 
| 180|0x000000008b400000, 0x000000008b400000, 0x000000008b500000|  0%| F|  |TAMS 0x000000008b400000, 0x000000008b400000| Untracked 
| 181|0x000000008b500000, 0x000000008b500000, 0x000000008b600000|  0%| F|  |TAMS 0x000000008b500000, 0x000000008b500000| Untracked 
| 182|0x000000008b600000, 0x000000008b600000, 0x000000008b700000|  0%| F|  |TAMS 0x000000008b600000, 0x000000008b600000| Untracked 
| 183|0x000000008b700000, 0x000000008b700000, 0x000000008b800000|  0%| F|  |TAMS 0x000000008b700000, 0x000000008b700000| Untracked 
| 184|0x000000008b800000, 0x000000008b800000, 0x000000008b900000|  0%| F|  |TAMS 0x000000008b800000, 0x000000008b800000| Untracked 
| 185|0x000000008b900000, 0x000000008b900000, 0x000000008ba00000|  0%| F|  |TAMS 0x000000008b900000, 0x000000008b900000| Untracked 
| 186|0x000000008ba00000, 0x000000008ba00000, 0x000000008bb00000|  0%| F|  |TAMS 0x000000008ba00000, 0x000000008ba00000| Untracked 
| 187|0x000000008bb00000, 0x000000008bb00000, 0x000000008bc00000|  0%| F|  |TAMS 0x000000008bb00000, 0x000000008bb00000| Untracked 
| 188|0x000000008bc00000, 0x000000008bc00000, 0x000000008bd00000|  0%| F|  |TAMS 0x000000008bc00000, 0x000000008bc00000| Untracked 
| 189|0x000000008bd00000, 0x000000008bd00000, 0x000000008be00000|  0%| F|  |TAMS 0x000000008bd00000, 0x000000008bd00000| Untracked 
| 190|0x000000008be00000, 0x000000008be00000, 0x000000008bf00000|  0%| F|  |TAMS 0x000000008be00000, 0x000000008be00000| Untracked 
| 191|0x000000008bf00000, 0x000000008bf00000, 0x000000008c000000|  0%| F|  |TAMS 0x000000008bf00000, 0x000000008bf00000| Untracked 
| 192|0x000000008c000000, 0x000000008c000000, 0x000000008c100000|  0%| F|  |TAMS 0x000000008c000000, 0x000000008c000000| Untracked 
| 193|0x000000008c100000, 0x000000008c100000, 0x000000008c200000|  0%| F|  |TAMS 0x000000008c100000, 0x000000008c100000| Untracked 
| 194|0x000000008c200000, 0x000000008c200000, 0x000000008c300000|  0%| F|  |TAMS 0x000000008c200000, 0x000000008c200000| Untracked 
| 195|0x000000008c300000, 0x000000008c300000, 0x000000008c400000|  0%| F|  |TAMS 0x000000008c300000, 0x000000008c300000| Untracked 
| 196|0x000000008c400000, 0x000000008c4e2e78, 0x000000008c500000| 88%| E|  |TAMS 0x000000008c400000, 0x000000008c400000| Complete 
| 197|0x000000008c500000, 0x000000008c600000, 0x000000008c600000|100%| E|CS|TAMS 0x000000008c500000, 0x000000008c500000| Complete 
| 198|0x000000008c600000, 0x000000008c700000, 0x000000008c700000|100%| E|CS|TAMS 0x000000008c600000, 0x000000008c600000| Complete 
| 199|0x000000008c700000, 0x000000008c800000, 0x000000008c800000|100%| E|CS|TAMS 0x000000008c700000, 0x000000008c700000| Complete 
| 200|0x000000008c800000, 0x000000008c900000, 0x000000008c900000|100%| E|CS|TAMS 0x000000008c800000, 0x000000008c800000| Complete 
| 201|0x000000008c900000, 0x000000008ca00000, 0x000000008ca00000|100%| E|CS|TAMS 0x000000008c900000, 0x000000008c900000| Complete 
| 202|0x000000008ca00000, 0x000000008cb00000, 0x000000008cb00000|100%| E|CS|TAMS 0x000000008ca00000, 0x000000008ca00000| Complete 
| 203|0x000000008cb00000, 0x000000008cc00000, 0x000000008cc00000|100%| E|CS|TAMS 0x000000008cb00000, 0x000000008cb00000| Complete 
| 204|0x000000008cc00000, 0x000000008cd00000, 0x000000008cd00000|100%| E|CS|TAMS 0x000000008cc00000, 0x000000008cc00000| Complete 
| 205|0x000000008cd00000, 0x000000008ce00000, 0x000000008ce00000|100%| E|CS|TAMS 0x000000008cd00000, 0x000000008cd00000| Complete 
| 206|0x000000008ce00000, 0x000000008cf00000, 0x000000008cf00000|100%| E|CS|TAMS 0x000000008ce00000, 0x000000008ce00000| Complete 
| 207|0x000000008cf00000, 0x000000008d000000, 0x000000008d000000|100%| E|CS|TAMS 0x000000008cf00000, 0x000000008cf00000| Complete 
| 208|0x000000008d000000, 0x000000008d100000, 0x000000008d100000|100%| E|CS|TAMS 0x000000008d000000, 0x000000008d000000| Complete 
| 209|0x000000008d100000, 0x000000008d200000, 0x000000008d200000|100%| E|CS|TAMS 0x000000008d100000, 0x000000008d100000| Complete 
| 210|0x000000008d200000, 0x000000008d300000, 0x000000008d300000|100%| E|CS|TAMS 0x000000008d200000, 0x000000008d200000| Complete 
| 211|0x000000008d300000, 0x000000008d400000, 0x000000008d400000|100%| E|CS|TAMS 0x000000008d300000, 0x000000008d300000| Complete 
| 212|0x000000008d400000, 0x000000008d500000, 0x000000008d500000|100%| E|CS|TAMS 0x000000008d400000, 0x000000008d400000| Complete 
| 213|0x000000008d500000, 0x000000008d600000, 0x000000008d600000|100%| E|CS|TAMS 0x000000008d500000, 0x000000008d500000| Complete 
| 214|0x000000008d600000, 0x000000008d700000, 0x000000008d700000|100%| E|CS|TAMS 0x000000008d600000, 0x000000008d600000| Complete 
| 215|0x000000008d700000, 0x000000008d800000, 0x000000008d800000|100%| E|CS|TAMS 0x000000008d700000, 0x000000008d700000| Complete 
| 216|0x000000008d800000, 0x000000008d900000, 0x000000008d900000|100%| E|CS|TAMS 0x000000008d800000, 0x000000008d800000| Complete 
| 217|0x000000008d900000, 0x000000008da00000, 0x000000008da00000|100%| E|CS|TAMS 0x000000008d900000, 0x000000008d900000| Complete 
| 218|0x000000008da00000, 0x000000008db00000, 0x000000008db00000|100%| E|CS|TAMS 0x000000008da00000, 0x000000008da00000| Complete 
| 219|0x000000008db00000, 0x000000008dc00000, 0x000000008dc00000|100%| E|CS|TAMS 0x000000008db00000, 0x000000008db00000| Complete 
| 220|0x000000008dc00000, 0x000000008dd00000, 0x000000008dd00000|100%| E|CS|TAMS 0x000000008dc00000, 0x000000008dc00000| Complete 
| 221|0x000000008dd00000, 0x000000008de00000, 0x000000008de00000|100%| E|CS|TAMS 0x000000008dd00000, 0x000000008dd00000| Complete 
| 222|0x000000008de00000, 0x000000008df00000, 0x000000008df00000|100%| E|CS|TAMS 0x000000008de00000, 0x000000008de00000| Complete 
| 223|0x000000008df00000, 0x000000008e000000, 0x000000008e000000|100%| E|CS|TAMS 0x000000008df00000, 0x000000008df00000| Complete 
| 224|0x000000008e000000, 0x000000008e100000, 0x000000008e100000|100%| E|CS|TAMS 0x000000008e000000, 0x000000008e000000| Complete 
| 225|0x000000008e100000, 0x000000008e200000, 0x000000008e200000|100%| E|CS|TAMS 0x000000008e100000, 0x000000008e100000| Complete 
| 226|0x000000008e200000, 0x000000008e300000, 0x000000008e300000|100%| E|CS|TAMS 0x000000008e200000, 0x000000008e200000| Complete 
| 227|0x000000008e300000, 0x000000008e400000, 0x000000008e400000|100%| E|CS|TAMS 0x000000008e300000, 0x000000008e300000| Complete 
| 228|0x000000008e400000, 0x000000008e500000, 0x000000008e500000|100%| E|CS|TAMS 0x000000008e400000, 0x000000008e400000| Complete 
| 229|0x000000008e500000, 0x000000008e600000, 0x000000008e600000|100%| E|CS|TAMS 0x000000008e500000, 0x000000008e500000| Complete 
| 230|0x000000008e600000, 0x000000008e700000, 0x000000008e700000|100%| E|CS|TAMS 0x000000008e600000, 0x000000008e600000| Complete 
| 231|0x000000008e700000, 0x000000008e800000, 0x000000008e800000|100%| E|CS|TAMS 0x000000008e700000, 0x000000008e700000| Complete 
| 232|0x000000008e800000, 0x000000008e900000, 0x000000008e900000|100%| E|CS|TAMS 0x000000008e800000, 0x000000008e800000| Complete 
| 233|0x000000008e900000, 0x000000008ea00000, 0x000000008ea00000|100%| E|CS|TAMS 0x000000008e900000, 0x000000008e900000| Complete 
| 234|0x000000008ea00000, 0x000000008eb00000, 0x000000008eb00000|100%| E|CS|TAMS 0x000000008ea00000, 0x000000008ea00000| Complete 
| 235|0x000000008eb00000, 0x000000008ec00000, 0x000000008ec00000|100%| E|CS|TAMS 0x000000008eb00000, 0x000000008eb00000| Complete 
| 236|0x000000008ec00000, 0x000000008ed00000, 0x000000008ed00000|100%| E|CS|TAMS 0x000000008ec00000, 0x000000008ec00000| Complete 
| 237|0x000000008ed00000, 0x000000008ee00000, 0x000000008ee00000|100%| E|CS|TAMS 0x000000008ed00000, 0x000000008ed00000| Complete 
| 238|0x000000008ee00000, 0x000000008ef00000, 0x000000008ef00000|100%| E|CS|TAMS 0x000000008ee00000, 0x000000008ee00000| Complete 
| 239|0x000000008ef00000, 0x000000008f000000, 0x000000008f000000|100%| E|CS|TAMS 0x000000008ef00000, 0x000000008ef00000| Complete 
| 240|0x000000008f000000, 0x000000008f100000, 0x000000008f100000|100%| E|CS|TAMS 0x000000008f000000, 0x000000008f000000| Complete 
| 241|0x000000008f100000, 0x000000008f200000, 0x000000008f200000|100%| E|CS|TAMS 0x000000008f100000, 0x000000008f100000| Complete 
| 242|0x000000008f200000, 0x000000008f300000, 0x000000008f300000|100%| E|CS|TAMS 0x000000008f200000, 0x000000008f200000| Complete 
| 243|0x000000008f300000, 0x000000008f400000, 0x000000008f400000|100%| E|CS|TAMS 0x000000008f300000, 0x000000008f300000| Complete 
| 244|0x000000008f400000, 0x000000008f500000, 0x000000008f500000|100%| E|CS|TAMS 0x000000008f400000, 0x000000008f400000| Complete 
| 245|0x000000008f500000, 0x000000008f600000, 0x000000008f600000|100%| E|CS|TAMS 0x000000008f500000, 0x000000008f500000| Complete 
| 246|0x000000008f600000, 0x000000008f700000, 0x000000008f700000|100%| E|CS|TAMS 0x000000008f600000, 0x000000008f600000| Complete 
| 247|0x000000008f700000, 0x000000008f800000, 0x000000008f800000|100%| E|CS|TAMS 0x000000008f700000, 0x000000008f700000| Complete 
| 248|0x000000008f800000, 0x000000008f900000, 0x000000008f900000|100%| E|CS|TAMS 0x000000008f800000, 0x000000008f800000| Complete 
| 249|0x000000008f900000, 0x000000008fa00000, 0x000000008fa00000|100%| E|CS|TAMS 0x000000008f900000, 0x000000008f900000| Complete 
| 250|0x000000008fa00000, 0x000000008fb00000, 0x000000008fb00000|100%| E|CS|TAMS 0x000000008fa00000, 0x000000008fa00000| Complete 
| 251|0x000000008fb00000, 0x000000008fc00000, 0x000000008fc00000|100%| E|  |TAMS 0x000000008fb00000, 0x000000008fb00000| Complete 
| 252|0x000000008fc00000, 0x000000008fd00000, 0x000000008fd00000|100%| E|CS|TAMS 0x000000008fc00000, 0x000000008fc00000| Complete 
| 253|0x000000008fd00000, 0x000000008fe00000, 0x000000008fe00000|100%| E|CS|TAMS 0x000000008fd00000, 0x000000008fd00000| Complete 
| 254|0x000000008fe00000, 0x000000008ff00000, 0x000000008ff00000|100%| E|CS|TAMS 0x000000008fe00000, 0x000000008fe00000| Complete 
| 255|0x000000008ff00000, 0x0000000090000000, 0x0000000090000000|100%| E|CS|TAMS 0x000000008ff00000, 0x000000008ff00000| Complete 
| 256|0x0000000090000000, 0x0000000090100000, 0x0000000090100000|100%| E|CS|TAMS 0x0000000090000000, 0x0000000090000000| Complete 
| 257|0x0000000090100000, 0x0000000090200000, 0x0000000090200000|100%| E|CS|TAMS 0x0000000090100000, 0x0000000090100000| Complete 
| 258|0x0000000090200000, 0x0000000090300000, 0x0000000090300000|100%| E|CS|TAMS 0x0000000090200000, 0x0000000090200000| Complete 
| 259|0x0000000090300000, 0x0000000090400000, 0x0000000090400000|100%| E|CS|TAMS 0x0000000090300000, 0x0000000090300000| Complete 
| 260|0x0000000090400000, 0x0000000090500000, 0x0000000090500000|100%| E|CS|TAMS 0x0000000090400000, 0x0000000090400000| Complete 
| 261|0x0000000090500000, 0x0000000090600000, 0x0000000090600000|100%| E|CS|TAMS 0x0000000090500000, 0x0000000090500000| Complete 
| 262|0x0000000090600000, 0x0000000090700000, 0x0000000090700000|100%| E|CS|TAMS 0x0000000090600000, 0x0000000090600000| Complete 
| 263|0x0000000090700000, 0x0000000090800000, 0x0000000090800000|100%| E|CS|TAMS 0x0000000090700000, 0x0000000090700000| Complete 
| 264|0x0000000090800000, 0x0000000090900000, 0x0000000090900000|100%| E|CS|TAMS 0x0000000090800000, 0x0000000090800000| Complete 
| 265|0x0000000090900000, 0x0000000090a00000, 0x0000000090a00000|100%| E|CS|TAMS 0x0000000090900000, 0x0000000090900000| Complete 
| 266|0x0000000090a00000, 0x0000000090b00000, 0x0000000090b00000|100%| E|CS|TAMS 0x0000000090a00000, 0x0000000090a00000| Complete 
| 267|0x0000000090b00000, 0x0000000090c00000, 0x0000000090c00000|100%| E|CS|TAMS 0x0000000090b00000, 0x0000000090b00000| Complete 
| 268|0x0000000090c00000, 0x0000000090d00000, 0x0000000090d00000|100%| E|CS|TAMS 0x0000000090c00000, 0x0000000090c00000| Complete 
| 269|0x0000000090d00000, 0x0000000090e00000, 0x0000000090e00000|100%| E|CS|TAMS 0x0000000090d00000, 0x0000000090d00000| Complete 
| 270|0x0000000090e00000, 0x0000000090f00000, 0x0000000090f00000|100%| E|CS|TAMS 0x0000000090e00000, 0x0000000090e00000| Complete 
| 271|0x0000000090f00000, 0x0000000091000000, 0x0000000091000000|100%| E|CS|TAMS 0x0000000090f00000, 0x0000000090f00000| Complete 
| 272|0x0000000091000000, 0x0000000091100000, 0x0000000091100000|100%| E|CS|TAMS 0x0000000091000000, 0x0000000091000000| Complete 
| 273|0x0000000091100000, 0x0000000091200000, 0x0000000091200000|100%| E|CS|TAMS 0x0000000091100000, 0x0000000091100000| Complete 
| 274|0x0000000091200000, 0x0000000091300000, 0x0000000091300000|100%| E|CS|TAMS 0x0000000091200000, 0x0000000091200000| Complete 
| 275|0x0000000091300000, 0x0000000091400000, 0x0000000091400000|100%| E|CS|TAMS 0x0000000091300000, 0x0000000091300000| Complete 
| 276|0x0000000091400000, 0x0000000091500000, 0x0000000091500000|100%| E|CS|TAMS 0x0000000091400000, 0x0000000091400000| Complete 
| 277|0x0000000091500000, 0x0000000091600000, 0x0000000091600000|100%| E|CS|TAMS 0x0000000091500000, 0x0000000091500000| Complete 
| 278|0x0000000091600000, 0x0000000091700000, 0x0000000091700000|100%| E|CS|TAMS 0x0000000091600000, 0x0000000091600000| Complete 
| 279|0x0000000091700000, 0x0000000091800000, 0x0000000091800000|100%| E|CS|TAMS 0x0000000091700000, 0x0000000091700000| Complete 
| 280|0x0000000091800000, 0x0000000091900000, 0x0000000091900000|100%| E|CS|TAMS 0x0000000091800000, 0x0000000091800000| Complete 
| 281|0x0000000091900000, 0x0000000091a00000, 0x0000000091a00000|100%| E|CS|TAMS 0x0000000091900000, 0x0000000091900000| Complete 
| 282|0x0000000091a00000, 0x0000000091b00000, 0x0000000091b00000|100%| E|CS|TAMS 0x0000000091a00000, 0x0000000091a00000| Complete 
| 283|0x0000000091b00000, 0x0000000091c00000, 0x0000000091c00000|100%| E|CS|TAMS 0x0000000091b00000, 0x0000000091b00000| Complete 
| 284|0x0000000091c00000, 0x0000000091d00000, 0x0000000091d00000|100%| E|CS|TAMS 0x0000000091c00000, 0x0000000091c00000| Complete 
| 285|0x0000000091d00000, 0x0000000091e00000, 0x0000000091e00000|100%| E|CS|TAMS 0x0000000091d00000, 0x0000000091d00000| Complete 
| 286|0x0000000091e00000, 0x0000000091f00000, 0x0000000091f00000|100%| E|CS|TAMS 0x0000000091e00000, 0x0000000091e00000| Complete 
| 287|0x0000000091f00000, 0x0000000092000000, 0x0000000092000000|100%| E|CS|TAMS 0x0000000091f00000, 0x0000000091f00000| Complete 
| 288|0x0000000092000000, 0x0000000092100000, 0x0000000092100000|100%| E|CS|TAMS 0x0000000092000000, 0x0000000092000000| Complete 
| 289|0x0000000092100000, 0x0000000092200000, 0x0000000092200000|100%| E|CS|TAMS 0x0000000092100000, 0x0000000092100000| Complete 
| 290|0x0000000092200000, 0x0000000092300000, 0x0000000092300000|100%| E|CS|TAMS 0x0000000092200000, 0x0000000092200000| Complete 
| 291|0x0000000092300000, 0x0000000092400000, 0x0000000092400000|100%| E|CS|TAMS 0x0000000092300000, 0x0000000092300000| Complete 
| 292|0x0000000092400000, 0x0000000092500000, 0x0000000092500000|100%| E|CS|TAMS 0x0000000092400000, 0x0000000092400000| Complete 
| 293|0x0000000092500000, 0x0000000092600000, 0x0000000092600000|100%| E|CS|TAMS 0x0000000092500000, 0x0000000092500000| Complete 
| 294|0x0000000092600000, 0x0000000092700000, 0x0000000092700000|100%| E|CS|TAMS 0x0000000092600000, 0x0000000092600000| Complete 
| 295|0x0000000092700000, 0x0000000092800000, 0x0000000092800000|100%| E|CS|TAMS 0x0000000092700000, 0x0000000092700000| Complete 
| 296|0x0000000092800000, 0x0000000092900000, 0x0000000092900000|100%| E|CS|TAMS 0x0000000092800000, 0x0000000092800000| Complete 
| 297|0x0000000092900000, 0x0000000092a00000, 0x0000000092a00000|100%| E|CS|TAMS 0x0000000092900000, 0x0000000092900000| Complete 
| 298|0x0000000092a00000, 0x0000000092b00000, 0x0000000092b00000|100%| E|CS|TAMS 0x0000000092a00000, 0x0000000092a00000| Complete 
| 299|0x0000000092b00000, 0x0000000092c00000, 0x0000000092c00000|100%| E|CS|TAMS 0x0000000092b00000, 0x0000000092b00000| Complete 
| 300|0x0000000092c00000, 0x0000000092d00000, 0x0000000092d00000|100%| E|CS|TAMS 0x0000000092c00000, 0x0000000092c00000| Complete 
| 301|0x0000000092d00000, 0x0000000092e00000, 0x0000000092e00000|100%| E|CS|TAMS 0x0000000092d00000, 0x0000000092d00000| Complete 
| 302|0x0000000092e00000, 0x0000000092f00000, 0x0000000092f00000|100%| E|CS|TAMS 0x0000000092e00000, 0x0000000092e00000| Complete 
| 303|0x0000000092f00000, 0x0000000093000000, 0x0000000093000000|100%| E|CS|TAMS 0x0000000092f00000, 0x0000000092f00000| Complete 
| 304|0x0000000093000000, 0x0000000093100000, 0x0000000093100000|100%| E|CS|TAMS 0x0000000093000000, 0x0000000093000000| Complete 
| 305|0x0000000093100000, 0x0000000093200000, 0x0000000093200000|100%| E|CS|TAMS 0x0000000093100000, 0x0000000093100000| Complete 
| 306|0x0000000093200000, 0x0000000093300000, 0x0000000093300000|100%| E|CS|TAMS 0x0000000093200000, 0x0000000093200000| Complete 
| 307|0x0000000093300000, 0x0000000093400000, 0x0000000093400000|100%| E|CS|TAMS 0x0000000093300000, 0x0000000093300000| Complete 
| 308|0x0000000093400000, 0x0000000093500000, 0x0000000093500000|100%| E|CS|TAMS 0x0000000093400000, 0x0000000093400000| Complete 
| 309|0x0000000093500000, 0x0000000093600000, 0x0000000093600000|100%| E|CS|TAMS 0x0000000093500000, 0x0000000093500000| Complete 
| 310|0x0000000093600000, 0x0000000093700000, 0x0000000093700000|100%| E|CS|TAMS 0x0000000093600000, 0x0000000093600000| Complete 
| 311|0x0000000093700000, 0x0000000093800000, 0x0000000093800000|100%| E|CS|TAMS 0x0000000093700000, 0x0000000093700000| Complete 
| 312|0x0000000093800000, 0x0000000093900000, 0x0000000093900000|100%| E|CS|TAMS 0x0000000093800000, 0x0000000093800000| Complete 
| 313|0x0000000093900000, 0x0000000093a00000, 0x0000000093a00000|100%| E|CS|TAMS 0x0000000093900000, 0x0000000093900000| Complete 
| 314|0x0000000093a00000, 0x0000000093b00000, 0x0000000093b00000|100%| E|CS|TAMS 0x0000000093a00000, 0x0000000093a00000| Complete 
| 315|0x0000000093b00000, 0x0000000093c00000, 0x0000000093c00000|100%| E|CS|TAMS 0x0000000093b00000, 0x0000000093b00000| Complete 
| 316|0x0000000093c00000, 0x0000000093d00000, 0x0000000093d00000|100%| E|CS|TAMS 0x0000000093c00000, 0x0000000093c00000| Complete 
| 317|0x0000000093d00000, 0x0000000093e00000, 0x0000000093e00000|100%| E|CS|TAMS 0x0000000093d00000, 0x0000000093d00000| Complete 
| 318|0x0000000093e00000, 0x0000000093f00000, 0x0000000093f00000|100%| E|CS|TAMS 0x0000000093e00000, 0x0000000093e00000| Complete 
| 319|0x0000000093f00000, 0x0000000094000000, 0x0000000094000000|100%| E|CS|TAMS 0x0000000093f00000, 0x0000000093f00000| Complete 
| 320|0x0000000094000000, 0x0000000094100000, 0x0000000094100000|100%| E|CS|TAMS 0x0000000094000000, 0x0000000094000000| Complete 
| 321|0x0000000094100000, 0x0000000094200000, 0x0000000094200000|100%| E|CS|TAMS 0x0000000094100000, 0x0000000094100000| Complete 
| 322|0x0000000094200000, 0x0000000094300000, 0x0000000094300000|100%| E|CS|TAMS 0x0000000094200000, 0x0000000094200000| Complete 
| 323|0x0000000094300000, 0x0000000094400000, 0x0000000094400000|100%| E|CS|TAMS 0x0000000094300000, 0x0000000094300000| Complete 
| 324|0x0000000094400000, 0x0000000094500000, 0x0000000094500000|100%| E|CS|TAMS 0x0000000094400000, 0x0000000094400000| Complete 
| 325|0x0000000094500000, 0x0000000094600000, 0x0000000094600000|100%| E|CS|TAMS 0x0000000094500000, 0x0000000094500000| Complete 
| 326|0x0000000094600000, 0x0000000094700000, 0x0000000094700000|100%| E|CS|TAMS 0x0000000094600000, 0x0000000094600000| Complete 
| 327|0x0000000094700000, 0x0000000094800000, 0x0000000094800000|100%| E|CS|TAMS 0x0000000094700000, 0x0000000094700000| Complete 
| 328|0x0000000094800000, 0x0000000094900000, 0x0000000094900000|100%| E|CS|TAMS 0x0000000094800000, 0x0000000094800000| Complete 
| 329|0x0000000094900000, 0x0000000094a00000, 0x0000000094a00000|100%| E|CS|TAMS 0x0000000094900000, 0x0000000094900000| Complete 
| 330|0x0000000094a00000, 0x0000000094b00000, 0x0000000094b00000|100%| E|CS|TAMS 0x0000000094a00000, 0x0000000094a00000| Complete 
| 331|0x0000000094b00000, 0x0000000094c00000, 0x0000000094c00000|100%| E|CS|TAMS 0x0000000094b00000, 0x0000000094b00000| Complete 
| 332|0x0000000094c00000, 0x0000000094d00000, 0x0000000094d00000|100%| E|CS|TAMS 0x0000000094c00000, 0x0000000094c00000| Complete 
| 333|0x0000000094d00000, 0x0000000094e00000, 0x0000000094e00000|100%| E|CS|TAMS 0x0000000094d00000, 0x0000000094d00000| Complete 
| 334|0x0000000094e00000, 0x0000000094f00000, 0x0000000094f00000|100%| E|CS|TAMS 0x0000000094e00000, 0x0000000094e00000| Complete 
| 335|0x0000000094f00000, 0x0000000095000000, 0x0000000095000000|100%| E|CS|TAMS 0x0000000094f00000, 0x0000000094f00000| Complete 
| 336|0x0000000095000000, 0x0000000095100000, 0x0000000095100000|100%| E|CS|TAMS 0x0000000095000000, 0x0000000095000000| Complete 
| 337|0x0000000095100000, 0x0000000095200000, 0x0000000095200000|100%| E|CS|TAMS 0x0000000095100000, 0x0000000095100000| Complete 
| 338|0x0000000095200000, 0x0000000095300000, 0x0000000095300000|100%| E|CS|TAMS 0x0000000095200000, 0x0000000095200000| Complete 
| 339|0x0000000095300000, 0x0000000095400000, 0x0000000095400000|100%| E|CS|TAMS 0x0000000095300000, 0x0000000095300000| Complete 
| 340|0x0000000095400000, 0x0000000095500000, 0x0000000095500000|100%| E|CS|TAMS 0x0000000095400000, 0x0000000095400000| Complete 
| 341|0x0000000095500000, 0x0000000095600000, 0x0000000095600000|100%| E|CS|TAMS 0x0000000095500000, 0x0000000095500000| Complete 
| 342|0x0000000095600000, 0x0000000095700000, 0x0000000095700000|100%| E|CS|TAMS 0x0000000095600000, 0x0000000095600000| Complete 
| 343|0x0000000095700000, 0x0000000095800000, 0x0000000095800000|100%| E|CS|TAMS 0x0000000095700000, 0x0000000095700000| Complete 
| 344|0x0000000095800000, 0x0000000095900000, 0x0000000095900000|100%| E|CS|TAMS 0x0000000095800000, 0x0000000095800000| Complete 
| 345|0x0000000095900000, 0x0000000095a00000, 0x0000000095a00000|100%| E|CS|TAMS 0x0000000095900000, 0x0000000095900000| Complete 
| 346|0x0000000095a00000, 0x0000000095b00000, 0x0000000095b00000|100%| E|CS|TAMS 0x0000000095a00000, 0x0000000095a00000| Complete 
| 347|0x0000000095b00000, 0x0000000095c00000, 0x0000000095c00000|100%| E|CS|TAMS 0x0000000095b00000, 0x0000000095b00000| Complete 
| 348|0x0000000095c00000, 0x0000000095d00000, 0x0000000095d00000|100%| E|CS|TAMS 0x0000000095c00000, 0x0000000095c00000| Complete 
| 349|0x0000000095d00000, 0x0000000095e00000, 0x0000000095e00000|100%| E|CS|TAMS 0x0000000095d00000, 0x0000000095d00000| Complete 
| 350|0x0000000095e00000, 0x0000000095f00000, 0x0000000095f00000|100%| E|CS|TAMS 0x0000000095e00000, 0x0000000095e00000| Complete 
| 351|0x0000000095f00000, 0x0000000096000000, 0x0000000096000000|100%| E|CS|TAMS 0x0000000095f00000, 0x0000000095f00000| Complete 
| 352|0x0000000096000000, 0x0000000096100000, 0x0000000096100000|100%| E|CS|TAMS 0x0000000096000000, 0x0000000096000000| Complete 
| 353|0x0000000096100000, 0x0000000096200000, 0x0000000096200000|100%| E|CS|TAMS 0x0000000096100000, 0x0000000096100000| Complete 
| 354|0x0000000096200000, 0x0000000096300000, 0x0000000096300000|100%| E|CS|TAMS 0x0000000096200000, 0x0000000096200000| Complete 
| 355|0x0000000096300000, 0x0000000096400000, 0x0000000096400000|100%| E|CS|TAMS 0x0000000096300000, 0x0000000096300000| Complete 
| 356|0x0000000096400000, 0x0000000096500000, 0x0000000096500000|100%| E|CS|TAMS 0x0000000096400000, 0x0000000096400000| Complete 
| 357|0x0000000096500000, 0x0000000096600000, 0x0000000096600000|100%| E|CS|TAMS 0x0000000096500000, 0x0000000096500000| Complete 
| 358|0x0000000096600000, 0x0000000096700000, 0x0000000096700000|100%| E|CS|TAMS 0x0000000096600000, 0x0000000096600000| Complete 
| 359|0x0000000096700000, 0x0000000096800000, 0x0000000096800000|100%| E|CS|TAMS 0x0000000096700000, 0x0000000096700000| Complete 
| 360|0x0000000096800000, 0x0000000096900000, 0x0000000096900000|100%| E|CS|TAMS 0x0000000096800000, 0x0000000096800000| Complete 
| 361|0x0000000096900000, 0x0000000096a00000, 0x0000000096a00000|100%| E|CS|TAMS 0x0000000096900000, 0x0000000096900000| Complete 
| 362|0x0000000096a00000, 0x0000000096b00000, 0x0000000096b00000|100%| E|CS|TAMS 0x0000000096a00000, 0x0000000096a00000| Complete 
| 363|0x0000000096b00000, 0x0000000096c00000, 0x0000000096c00000|100%| E|CS|TAMS 0x0000000096b00000, 0x0000000096b00000| Complete 
| 364|0x0000000096c00000, 0x0000000096d00000, 0x0000000096d00000|100%| E|CS|TAMS 0x0000000096c00000, 0x0000000096c00000| Complete 
| 365|0x0000000096d00000, 0x0000000096e00000, 0x0000000096e00000|100%| E|CS|TAMS 0x0000000096d00000, 0x0000000096d00000| Complete 
| 366|0x0000000096e00000, 0x0000000096f00000, 0x0000000096f00000|100%| E|CS|TAMS 0x0000000096e00000, 0x0000000096e00000| Complete 
| 367|0x0000000096f00000, 0x0000000097000000, 0x0000000097000000|100%| E|CS|TAMS 0x0000000096f00000, 0x0000000096f00000| Complete 
| 368|0x0000000097000000, 0x0000000097100000, 0x0000000097100000|100%| E|CS|TAMS 0x0000000097000000, 0x0000000097000000| Complete 

Card table byte_map: [0x0000021a63320000,0x0000021a63720000] _byte_map_base: 0x0000021a62f20000

Marking Bits (Prev, Next): (CMBitMap*) 0x0000021a5013e430, (CMBitMap*) 0x0000021a5013e3f8
 Prev Bits: [0x0000021a65b20000, 0x0000021a67b20000)
 Next Bits: [0x0000021a63b20000, 0x0000021a65b20000)

Polling page: 0x0000021a4f8e0000

Metaspace:

Usage:
  Non-class:     97.97 MB capacity,    96.19 MB ( 98%) used,     1.44 MB (  1%) free+waste,   356.88 KB ( <1%) overhead. 
      Class:     14.82 MB capacity,    13.78 MB ( 93%) used,   912.55 KB (  6%) free+waste,   154.56 KB (  1%) overhead. 
       Both:    112.80 MB capacity,   109.97 MB ( 97%) used,     2.33 MB (  2%) free+waste,   511.44 KB ( <1%) overhead. 

Virtual space:
  Non-class space:      100.00 MB reserved,      98.12 MB ( 98%) committed 
      Class space:        1.00 GB reserved,      15.15 MB (  1%) committed 
             Both:        1.10 GB reserved,     113.27 MB ( 10%) committed 

Chunk freelists:
   Non-Class:  18.00 KB
       Class:  213.00 KB
        Both:  231.00 KB

MaxMetaspaceSize: 17179869184.00 GB
CompressedClassSpaceSize: 1.00 GB

CodeHeap 'non-profiled nmethods': size=120000Kb used=9510Kb max_used=9510Kb free=110489Kb
 bounds [0x0000021a5b6c0000, 0x0000021a5c010000, 0x0000021a62bf0000]
CodeHeap 'profiled nmethods': size=120000Kb used=41407Kb max_used=41407Kb free=78593Kb
 bounds [0x0000021a54190000, 0x0000021a56a00000, 0x0000021a5b6c0000]
CodeHeap 'non-nmethods': size=5760Kb used=2332Kb max_used=2394Kb free=3427Kb
 bounds [0x0000021a53bf0000, 0x0000021a53e60000, 0x0000021a54190000]
 total_blobs=19370 nmethods=18423 adapters=857
 compilation: enabled
              stopped_count=0, restarted_count=0
 full_count=0

Compilation events (20 events):
Event: 29.771 Thread 0x0000021a6c0d9800 nmethod 19072 0x0000021a5bff0710 code [0x0000021a5bff0900, 0x0000021a5bff12a8]
Event: 29.771 Thread 0x0000021a6c0d9800 19073       4       org.gradle.internal.logging.text.AbstractLineChoppingStyledTextOutput$1::execute (9 bytes)
Event: 29.777 Thread 0x0000021a6c0d9800 nmethod 19073 0x0000021a5bff1a10 code [0x0000021a5bff1c20, 0x0000021a5bff23b0]
Event: 29.777 Thread 0x0000021a6c0d9800 19074       4       org.gradle.internal.logging.text.AbstractLineChoppingStyledTextOutput$1::execute (130 bytes)
Event: 29.784 Thread 0x0000021a6c0d9800 nmethod 19074 0x0000021a5bff2990 code [0x0000021a5bff2ba0, 0x0000021a5bff3310]
Event: 29.784 Thread 0x0000021a6c0d9800 19075       4       org.gradle.internal.logging.text.AbstractLineChoppingStyledTextOutput$2::execute (73 bytes)
Event: 29.790 Thread 0x0000021a6c0d9800 nmethod 19075 0x0000021a5bff3890 code [0x0000021a5bff3a80, 0x0000021a5bff4010]
Event: 29.790 Thread 0x0000021a6c0d9800 19103       4       java.io.ObjectOutputStream$BlockDataOutputStream::writeBytes (144 bytes)
Event: 29.800 Thread 0x0000021a6c0d9800 nmethod 19103 0x0000021a5bff4510 code [0x0000021a5bff46e0, 0x0000021a5bff5028]
Event: 29.800 Thread 0x0000021a6c0d9800 19099       4       java.io.ObjectOutputStream$BlockDataOutputStream::getUTFLength (124 bytes)
Event: 29.808 Thread 0x0000021a6c0d9800 nmethod 19099 0x0000021a5bff5690 code [0x0000021a5bff5840, 0x0000021a5bff5fd8]
Event: 29.808 Thread 0x0000021a6c0d9800 15432       4       com.android.tools.r8.internal.l2::next (19 bytes)
Event: 29.811 Thread 0x0000021a6c0d9800 nmethod 15432 0x0000021a5bff6410 code [0x0000021a5bff65c0, 0x0000021a5bff6978]
Event: 29.812 Thread 0x0000021a6c0d9800 18175       4       com.android.tools.r8.internal.n8::f (8 bytes)
Event: 29.813 Thread 0x0000021a6c0d9800 nmethod 18175 0x0000021a5bff6b90 code [0x0000021a5bff6d20, 0x0000021a5bff6e18]
Event: 29.813 Thread 0x0000021a6c0d9800 15583       4       com.android.tools.r8.graph.i::Q (8 bytes)
Event: 29.815 Thread 0x0000021a6c0d9800 nmethod 15583 0x0000021a5bff6f90 code [0x0000021a5bff7140, 0x0000021a5bff73d8]
Event: 29.815 Thread 0x0000021a6c0d9800 15803       4       com.android.tools.r8.internal.i2::y (8 bytes)
Event: 29.817 Thread 0x0000021a6c0d9800 nmethod 15803 0x0000021a5bff7510 code [0x0000021a5bff76c0, 0x0000021a5bff7958]
Event: 29.817 Thread 0x0000021a6c0d9800 15520       4       com.android.tools.r8.internal.n2::next (5 bytes)

GC Heap History (20 events):
Event: 25.121 GC heap before
{Heap before GC invocations=35 (full 0):
 garbage-first heap   total 227328K, used 176622K [0x0000000080000000, 0x0000000100000000)
  region size 1024K, 74 young (75776K), 5 survivors (5120K)
 Metaspace       used 108459K, capacity 111241K, committed 112144K, reserved 1146880K
  class space    used 13843K, capacity 14871K, committed 15256K, reserved 1048576K
}
Event: 25.134 GC heap after
{Heap after GC invocations=36 (full 0):
 garbage-first heap   total 227328K, used 107301K [0x0000000080000000, 0x0000000100000000)
  region size 1024K, 5 young (5120K), 5 survivors (5120K)
 Metaspace       used 108459K, capacity 111241K, committed 112144K, reserved 1146880K
  class space    used 13843K, capacity 14871K, committed 15256K, reserved 1048576K
}
Event: 25.371 GC heap before
{Heap before GC invocations=37 (full 0):
 garbage-first heap   total 227328K, used 181029K [0x0000000080000000, 0x0000000100000000)
  region size 1024K, 77 young (78848K), 5 survivors (5120K)
 Metaspace       used 108608K, capacity 111348K, committed 112144K, reserved 1146880K
  class space    used 13854K, capacity 14884K, committed 15256K, reserved 1048576K
}
Event: 25.378 GC heap after
{Heap after GC invocations=38 (full 0):
 garbage-first heap   total 227328K, used 107453K [0x0000000080000000, 0x0000000100000000)
  region size 1024K, 5 young (5120K), 5 survivors (5120K)
 Metaspace       used 108608K, capacity 111348K, committed 112144K, reserved 1146880K
  class space    used 13854K, capacity 14884K, committed 15256K, reserved 1048576K
}
Event: 25.389 GC heap before
{Heap before GC invocations=38 (full 0):
 garbage-first heap   total 227328K, used 113597K [0x0000000080000000, 0x0000000100000000)
  region size 1024K, 11 young (11264K), 5 survivors (5120K)
 Metaspace       used 108627K, capacity 111412K, committed 112400K, reserved 1146880K
  class space    used 13854K, capacity 14884K, committed 15256K, reserved 1048576K
}
Event: 25.398 GC heap after
{Heap after GC invocations=39 (full 0):
 garbage-first heap   total 314368K, used 105813K [0x0000000080000000, 0x0000000100000000)
  region size 1024K, 2 young (2048K), 2 survivors (2048K)
 Metaspace       used 108627K, capacity 111412K, committed 112400K, reserved 1146880K
  class space    used 13854K, capacity 14884K, committed 15256K, reserved 1048576K
}
Event: 25.635 GC heap before
{Heap before GC invocations=39 (full 0):
 garbage-first heap   total 314368K, used 231765K [0x0000000080000000, 0x0000000100000000)
  region size 1024K, 126 young (129024K), 2 survivors (2048K)
 Metaspace       used 108836K, capacity 111621K, committed 112400K, reserved 1146880K
  class space    used 13856K, capacity 14887K, committed 15256K, reserved 1048576K
}
Event: 25.640 GC heap after
{Heap after GC invocations=40 (full 0):
 garbage-first heap   total 314368K, used 106026K [0x0000000080000000, 0x0000000100000000)
  region size 1024K, 2 young (2048K), 2 survivors (2048K)
 Metaspace       used 108836K, capacity 111621K, committed 112400K, reserved 1146880K
  class space    used 13856K, capacity 14887K, committed 15256K, reserved 1048576K
}
Event: 25.881 GC heap before
{Heap before GC invocations=40 (full 0):
 garbage-first heap   total 314368K, used 257578K [0x0000000080000000, 0x0000000100000000)
  region size 1024K, 150 young (153600K), 2 survivors (2048K)
 Metaspace       used 109153K, capacity 111906K, committed 112656K, reserved 1146880K
  class space    used 13862K, capacity 14891K, committed 15256K, reserved 1048576K
}
Event: 25.884 GC heap after
{Heap after GC invocations=41 (full 0):
 garbage-first heap   total 314368K, used 106684K [0x0000000080000000, 0x0000000100000000)
  region size 1024K, 3 young (3072K), 3 survivors (3072K)
 Metaspace       used 109153K, capacity 111906K, committed 112656K, reserved 1146880K
  class space    used 13862K, capacity 14891K, committed 15256K, reserved 1048576K
}
Event: 26.159 GC heap before
{Heap before GC invocations=41 (full 0):
 garbage-first heap   total 314368K, used 261308K [0x0000000080000000, 0x0000000100000000)
  region size 1024K, 154 young (157696K), 3 survivors (3072K)
 Metaspace       used 109592K, capacity 112350K, committed 113168K, reserved 1146880K
  class space    used 13865K, capacity 14895K, committed 15256K, reserved 1048576K
}
Event: 26.163 GC heap after
{Heap after GC invocations=42 (full 0):
 garbage-first heap   total 314368K, used 106845K [0x0000000080000000, 0x0000000100000000)
  region size 1024K, 3 young (3072K), 3 survivors (3072K)
 Metaspace       used 109592K, capacity 112350K, committed 113168K, reserved 1146880K
  class space    used 13865K, capacity 14895K, committed 15256K, reserved 1048576K
}
Event: 26.551 GC heap before
{Heap before GC invocations=42 (full 0):
 garbage-first heap   total 314368K, used 266589K [0x0000000080000000, 0x0000000100000000)
  region size 1024K, 159 young (162816K), 3 survivors (3072K)
 Metaspace       used 109749K, capacity 112547K, committed 113424K, reserved 1146880K
  class space    used 13871K, capacity 14895K, committed 15256K, reserved 1048576K
}
Event: 26.556 GC heap after
{Heap after GC invocations=43 (full 0):
 garbage-first heap   total 314368K, used 107694K [0x0000000080000000, 0x0000000100000000)
  region size 1024K, 4 young (4096K), 4 survivors (4096K)
 Metaspace       used 109749K, capacity 112547K, committed 113424K, reserved 1146880K
  class space    used 13871K, capacity 14895K, committed 15256K, reserved 1048576K
}
Event: 27.014 GC heap before
{Heap before GC invocations=43 (full 0):
 garbage-first heap   total 314368K, used 269486K [0x0000000080000000, 0x0000000100000000)
  region size 1024K, 161 young (164864K), 4 survivors (4096K)
 Metaspace       used 109963K, capacity 112722K, committed 113424K, reserved 1146880K
  class space    used 13871K, capacity 14895K, committed 15256K, reserved 1048576K
}
Event: 27.021 GC heap after
{Heap after GC invocations=44 (full 0):
 garbage-first heap   total 314368K, used 110340K [0x0000000080000000, 0x0000000100000000)
  region size 1024K, 5 young (5120K), 5 survivors (5120K)
 Metaspace       used 109963K, capacity 112722K, committed 113424K, reserved 1146880K
  class space    used 13871K, capacity 14895K, committed 15256K, reserved 1048576K
}
Event: 27.408 GC heap before
{Heap before GC invocations=44 (full 0):
 garbage-first heap   total 314368K, used 271108K [0x0000000080000000, 0x0000000100000000)
  region size 1024K, 162 young (165888K), 5 survivors (5120K)
 Metaspace       used 110009K, capacity 112793K, committed 113424K, reserved 1146880K
  class space    used 13871K, capacity 14896K, committed 15256K, reserved 1048576K
}
Event: 27.415 GC heap after
{Heap after GC invocations=45 (full 0):
 garbage-first heap   total 377856K, used 108442K [0x0000000080000000, 0x0000000100000000)
  region size 1024K, 4 young (4096K), 4 survivors (4096K)
 Metaspace       used 110009K, capacity 112793K, committed 113424K, reserved 1146880K
  class space    used 13871K, capacity 14896K, committed 15256K, reserved 1048576K
}
Event: 28.387 GC heap before
{Heap before GC invocations=45 (full 0):
 garbage-first heap   total 377856K, used 332698K [0x0000000080000000, 0x0000000100000000)
  region size 1024K, 216 young (221184K), 4 survivors (4096K)
 Metaspace       used 111619K, capacity 114432K, committed 114832K, reserved 1148928K
  class space    used 14040K, capacity 15082K, committed 15384K, reserved 1048576K
}
Event: 28.408 GC heap after
{Heap after GC invocations=46 (full 0):
 garbage-first heap   total 377856K, used 130331K [0x0000000080000000, 0x0000000100000000)
  region size 1024K, 22 young (22528K), 22 survivors (22528K)
 Metaspace       used 111619K, capacity 114432K, committed 114832K, reserved 1148928K
  class space    used 14040K, capacity 15082K, committed 15384K, reserved 1048576K
}

Deoptimization events (20 events):
Event: 29.698 Thread 0x0000021a6d9dc800 DEOPT PACKING pc=0x0000021a54f1364b sp=0x000000573cefc6d0
Event: 29.698 Thread 0x0000021a6d9dc800 DEOPT UNPACKING pc=0x0000021a53c176ce sp=0x000000573cefbb90 mode 0
Event: 29.700 Thread 0x0000021a6d9dc800 Uncommon trap: trap_request=0xffffff7e fr.pc=0x0000021a5bfb3040 relative=0x0000000000001ae0
Event: 29.700 Thread 0x0000021a6d9dc800 Uncommon trap: reason=predicate action=maybe_recompile pc=0x0000021a5bfb3040 method=java.util.TimSort.reverseRange([Ljava/lang/Object;II)V @ 5 c2
Event: 29.700 Thread 0x0000021a6d9dc800 DEOPT PACKING pc=0x0000021a5bfb3040 sp=0x000000573cefc280
Event: 29.700 Thread 0x0000021a6d9dc800 DEOPT UNPACKING pc=0x0000021a53c178af sp=0x000000573cefc140 mode 2
Event: 29.701 Thread 0x0000021a6d9dc800 DEOPT PACKING pc=0x0000021a54f1364b sp=0x000000573cefc290
Event: 29.701 Thread 0x0000021a6d9dc800 DEOPT UNPACKING pc=0x0000021a53c176ce sp=0x000000573cefb750 mode 0
Event: 29.701 Thread 0x0000021a6d9dc800 DEOPT PACKING pc=0x0000021a54f1364b sp=0x000000573cefc6c0
Event: 29.701 Thread 0x0000021a6d9dc800 DEOPT UNPACKING pc=0x0000021a53c176ce sp=0x000000573cefbb80 mode 0
Event: 29.701 Thread 0x0000021a6d9dc800 DEOPT PACKING pc=0x0000021a54f1364b sp=0x000000573cefcaf0
Event: 29.701 Thread 0x0000021a6d9dc800 DEOPT UNPACKING pc=0x0000021a53c176ce sp=0x000000573cefbfb0 mode 0
Event: 29.702 Thread 0x0000021a6d9dc800 DEOPT PACKING pc=0x0000021a54f1364b sp=0x000000573cefcf20
Event: 29.702 Thread 0x0000021a6d9dc800 DEOPT UNPACKING pc=0x0000021a53c176ce sp=0x000000573cefc3e0 mode 0
Event: 29.702 Thread 0x0000021a6d9dc800 DEOPT PACKING pc=0x0000021a54f1364b sp=0x000000573cefd350
Event: 29.702 Thread 0x0000021a6d9dc800 DEOPT UNPACKING pc=0x0000021a53c176ce sp=0x000000573cefc810 mode 0
Event: 29.702 Thread 0x0000021a6d9dc800 DEOPT PACKING pc=0x0000021a54f1364b sp=0x000000573cefd780
Event: 29.702 Thread 0x0000021a6d9dc800 DEOPT UNPACKING pc=0x0000021a53c176ce sp=0x000000573cefcc40 mode 0
Event: 29.702 Thread 0x0000021a6d9dc800 DEOPT PACKING pc=0x0000021a54f1364b sp=0x000000573cefdbb0
Event: 29.702 Thread 0x0000021a6d9dc800 DEOPT UNPACKING pc=0x0000021a53c176ce sp=0x000000573cefd070 mode 0

Classes redefined (0 events):
No events

Internal exceptions (20 events):
Event: 27.880 Thread 0x0000021a6e90b800 Exception <a 'sun/nio/fs/WindowsException'{0x000000008dd70878}> (0x000000008dd70878) thrown at [./src/hotspot/share/prims/jni.cpp, line 615]
Event: 28.032 Thread 0x0000021a6c0dd800 Exception <a 'sun/nio/fs/WindowsException'{0x000000008cea7f00}> (0x000000008cea7f00) thrown at [./src/hotspot/share/prims/jni.cpp, line 615]
Event: 28.442 Thread 0x0000021a6e90a800 Exception <a 'java/lang/NoSuchMethodError'{0x0000000096abcee0}: 'void java.lang.invoke.DirectMethodHandle$Holder.invokeStatic(java.lang.Object, long)'> (0x0000000096abcee0) thrown at [./src/hotspot/share/interpreter/linkResolver.cpp, line 773]
Event: 28.444 Thread 0x0000021a6e90a800 Exception <a 'java/lang/NoSuchMethodError'{0x0000000096ac82b8}: 'java.lang.Object java.lang.invoke.DirectMethodHandle$Holder.invokeStaticInit(java.lang.Object, java.lang.Object, long, java.lang.Object)'> (0x0000000096ac82b8) thrown at [./src/hotspot/share/interpreter/linkResolver.cpp, line 773]
Event: 28.444 Thread 0x0000021a6e90a800 Exception <a 'java/lang/NoSuchMethodError'{0x0000000096acea48}: 'java.lang.Object java.lang.invoke.DirectMethodHandle$Holder.invokeStatic(java.lang.Object, java.lang.Object, long)'> (0x0000000096acea48) thrown at [./src/hotspot/share/interpreter/linkResolver.cpp, line 773]
Event: 28.445 Thread 0x0000021a6e90a800 Exception <a 'java/lang/NoSuchMethodError'{0x0000000096ad5510}: 'java.lang.Object java.lang.invoke.Invokers$Holder.linkToTargetMethod(java.lang.Object, long, java.lang.Object)'> (0x0000000096ad5510) thrown at [./src/hotspot/share/interpreter/linkResolver.cpp, line 773]
Event: 29.046 Thread 0x0000021a6c0d4800 Exception <a 'java/lang/NoSuchMethodError'{0x0000000090ea7880}: <clinit>> (0x0000000090ea7880) thrown at [./src/hotspot/share/prims/jni.cpp, line 1362]
Event: 29.046 Thread 0x0000021a6c0d4800 Exception <a 'java/lang/NoSuchMethodError'{0x0000000090ea8bb8}: <clinit>> (0x0000000090ea8bb8) thrown at [./src/hotspot/share/prims/jni.cpp, line 1362]
Event: 29.046 Thread 0x0000021a6c0d4800 Exception <a 'java/lang/NoSuchMethodError'{0x0000000090eab318}: <clinit>> (0x0000000090eab318) thrown at [./src/hotspot/share/prims/jni.cpp, line 1362]
Event: 29.047 Thread 0x0000021a6c0d4800 Exception <a 'java/lang/NoSuchMethodError'{0x0000000090ec3e48}: <clinit>> (0x0000000090ec3e48) thrown at [./src/hotspot/share/prims/jni.cpp, line 1362]
Event: 29.047 Thread 0x0000021a6c0d4800 Exception <a 'java/lang/NoSuchMethodError'{0x0000000090ec5328}: <clinit>> (0x0000000090ec5328) thrown at [./src/hotspot/share/prims/jni.cpp, line 1362]
Event: 29.070 Thread 0x0000021a6c0d4800 Exception <a 'java/lang/NoSuchMethodError'{0x0000000090caf4c0}: <clinit>> (0x0000000090caf4c0) thrown at [./src/hotspot/share/prims/jni.cpp, line 1362]
Event: 29.073 Thread 0x0000021a6c0d4800 Exception <a 'java/lang/NoSuchMethodError'{0x0000000090ce1ff0}: <clinit>> (0x0000000090ce1ff0) thrown at [./src/hotspot/share/prims/jni.cpp, line 1362]
Event: 29.074 Thread 0x0000021a6c0d4800 Exception <a 'java/lang/NoSuchMethodError'{0x0000000090cf4f28}: <clinit>> (0x0000000090cf4f28) thrown at [./src/hotspot/share/prims/jni.cpp, line 1362]
Event: 29.180 Thread 0x0000021a6c0e0000 Exception <a 'java/lang/NoSuchMethodError'{0x00000000904c09a8}: 'int java.lang.invoke.DirectMethodHandle$Holder.invokeSpecialIFC(java.lang.Object, java.lang.Object, java.lang.Object)'> (0x00000000904c09a8) thrown at [./src/hotspot/share/interpreter/linkResolver.cpp, line 773]
Event: 29.670 Thread 0x0000021a74386000 Exception <a 'sun/nio/fs/WindowsException'{0x000000008c747768}> (0x000000008c747768) thrown at [./src/hotspot/share/prims/jni.cpp, line 615]
Event: 29.672 Thread 0x0000021a6c0dd800 Exception <a 'java/lang/NoSuchMethodError'{0x000000009248bd28}: 'java.lang.Object java.lang.invoke.DirectMethodHandle$Holder.newInvokeSpecial(java.lang.Object, java.lang.Object, java.lang.Object)'> (0x000000009248bd28) thrown at [./src/hotspot/share/interpreter/linkResolver.cpp, line 773]
Event: 29.679 Thread 0x0000021a6c0dd800 Exception <a 'java/lang/ClassNotFoundException'{0x00000000924b52e8}: sun/misc/SharedSecrets> (0x00000000924b52e8) thrown at [./src/hotspot/share/classfile/systemDictionary.cpp, line 231]
Event: 29.699 Thread 0x0000021a6d9dc800 Exception <a 'java/lang/NoSuchMethodError'{0x000000008c4cca98}: <clinit>> (0x000000008c4cca98) thrown at [./src/hotspot/share/prims/jni.cpp, line 1362]
Event: 29.701 Thread 0x0000021a6d9dc800 Exception <a 'java/lang/NoSuchMethodError'{0x000000008c4dfa70}: <clinit>> (0x000000008c4dfa70) thrown at [./src/hotspot/share/prims/jni.cpp, line 1362]

Events (20 events):
Event: 29.692 loading class org/gradle/tooling/internal/protocol/InternalFailure
Event: 29.692 loading class org/gradle/tooling/internal/protocol/InternalFailure done
Event: 29.693 Executing VM operation: RevokeBias
Event: 29.693 Executing VM operation: RevokeBias done
Event: 29.693 Executing VM operation: RevokeBias
Event: 29.693 Executing VM operation: RevokeBias done
Event: 29.693 Executing VM operation: RevokeBias
Event: 29.693 Executing VM operation: RevokeBias done
Event: 29.693 Executing VM operation: RevokeBias
Event: 29.693 Executing VM operation: RevokeBias done
Event: 29.696 loading class org/gradle/tooling/events/task/internal/DefaultTaskFailureResult
Event: 29.696 loading class org/gradle/tooling/events/task/internal/DefaultTaskFailureResult done
Event: 29.696 loading class org/gradle/tooling/events/task/TaskFailureResult
Event: 29.696 loading class org/gradle/tooling/events/task/TaskFailureResult done
Event: 29.696 loading class org/gradle/tooling/events/FailureResult
Event: 29.696 loading class org/gradle/tooling/events/FailureResult done
Event: 29.697 loading class org/gradle/tooling/events/internal/DefaultOperationFailureResult
Event: 29.697 loading class org/gradle/tooling/events/internal/DefaultOperationFailureResult done
Event: 29.697 loading class org/gradle/tooling/internal/consumer/DefaultFailure
Event: 29.697 loading class org/gradle/tooling/internal/consumer/DefaultFailure done


Dynamic libraries:
0x00007ff75d340000 - 0x00007ff75d34a000 	D:\Program Files\Android\Android Studio\jre\bin\java.exe
0x00007ffe9dcf0000 - 0x00007ffe9dee5000 	C:\WINDOWS\SYSTEM32\ntdll.dll
0x00007ffe9d040000 - 0x00007ffe9d0fe000 	C:\WINDOWS\System32\KERNEL32.DLL
0x00007ffe9b640000 - 0x00007ffe9b909000 	C:\WINDOWS\System32\KERNELBASE.dll
0x00007ffe9b4f0000 - 0x00007ffe9b5f0000 	C:\WINDOWS\System32\ucrtbase.dll
0x00007ffe7f5a0000 - 0x00007ffe7f5b9000 	D:\Program Files\Android\Android Studio\jre\bin\jli.dll
0x00007ffe7f580000 - 0x00007ffe7f597000 	D:\Program Files\Android\Android Studio\jre\bin\VCRUNTIME140.dll
0x00007ffe9d670000 - 0x00007ffe9d811000 	C:\WINDOWS\System32\USER32.dll
0x00007ffe88550000 - 0x00007ffe887ea000 	C:\WINDOWS\WinSxS\amd64_microsoft.windows.common-controls_6595b64144ccf1df_6.0.19041.1110_none_60b5254171f9507e\COMCTL32.dll
0x00007ffe9bd10000 - 0x00007ffe9bd32000 	C:\WINDOWS\System32\win32u.dll
0x00007ffe9bd40000 - 0x00007ffe9bdde000 	C:\WINDOWS\System32\msvcrt.dll
0x00007ffe9c270000 - 0x00007ffe9c29b000 	C:\WINDOWS\System32\GDI32.dll
0x00007ffe9b910000 - 0x00007ffe9ba1b000 	C:\WINDOWS\System32\gdi32full.dll
0x00007ffe9ba20000 - 0x00007ffe9babd000 	C:\WINDOWS\System32\msvcp_win.dll
0x00007ffe9d540000 - 0x00007ffe9d570000 	C:\WINDOWS\System32\IMM32.DLL
0x00007ffe72590000 - 0x00007ffe7262d000 	D:\Program Files\Android\Android Studio\jre\bin\msvcp140.dll
0x00007ffe6b1a0000 - 0x00007ffe6bc6f000 	D:\Program Files\Android\Android Studio\jre\bin\server\jvm.dll
0x00007ffe9d350000 - 0x00007ffe9d3fc000 	C:\WINDOWS\System32\ADVAPI32.dll
0x00007ffe9d5d0000 - 0x00007ffe9d66b000 	C:\WINDOWS\System32\sechost.dll
0x00007ffe9d820000 - 0x00007ffe9d94a000 	C:\WINDOWS\System32\RPCRT4.dll
0x00007ffe9c7e0000 - 0x00007ffe9c7e8000 	C:\WINDOWS\System32\PSAPI.DLL
0x00007ffe92130000 - 0x00007ffe92157000 	C:\WINDOWS\SYSTEM32\WINMM.dll
0x00007ffe96f00000 - 0x00007ffe96f09000 	C:\WINDOWS\SYSTEM32\WSOCK32.dll
0x00007ffe95380000 - 0x00007ffe9538a000 	C:\WINDOWS\SYSTEM32\VERSION.dll
0x00007ffe9c350000 - 0x00007ffe9c3bb000 	C:\WINDOWS\System32\WS2_32.dll
0x00007ffe99ce0000 - 0x00007ffe99cf2000 	C:\WINDOWS\SYSTEM32\kernel.appcore.dll
0x00007ffe88880000 - 0x00007ffe88891000 	D:\Program Files\Android\Android Studio\jre\bin\verify.dll
0x00007ffe91420000 - 0x00007ffe91604000 	C:\WINDOWS\SYSTEM32\DBGHELP.DLL
0x00007ffe913f0000 - 0x00007ffe9141c000 	C:\WINDOWS\SYSTEM32\dbgcore.DLL
0x00007ffe9bc80000 - 0x00007ffe9bd03000 	C:\WINDOWS\System32\bcryptPrimitives.dll
0x00007ffe84130000 - 0x00007ffe84159000 	D:\Program Files\Android\Android Studio\jre\bin\java.dll
0x00007ffe96ef0000 - 0x00007ffe96efb000 	D:\Program Files\Android\Android Studio\jre\bin\jimage.dll
0x00007ffe84e50000 - 0x00007ffe84e68000 	D:\Program Files\Android\Android Studio\jre\bin\zip.dll
0x00007ffe9c7f0000 - 0x00007ffe9cf2f000 	C:\WINDOWS\System32\SHELL32.dll
0x00007ffe99450000 - 0x00007ffe99be0000 	C:\WINDOWS\SYSTEM32\windows.storage.dll
0x00007ffe9d950000 - 0x00007ffe9dca5000 	C:\WINDOWS\System32\combase.dll
0x00007ffe9ae60000 - 0x00007ffe9ae8c000 	C:\WINDOWS\SYSTEM32\Wldp.dll
0x00007ffe9d2a0000 - 0x00007ffe9d34d000 	C:\WINDOWS\System32\SHCORE.dll
0x00007ffe9d400000 - 0x00007ffe9d455000 	C:\WINDOWS\System32\shlwapi.dll
0x00007ffe9b350000 - 0x00007ffe9b36f000 	C:\WINDOWS\SYSTEM32\profapi.dll
0x00007ffe809f0000 - 0x00007ffe80a0a000 	D:\Program Files\Android\Android Studio\jre\bin\net.dll
0x00007ffe93e40000 - 0x00007ffe93f48000 	C:\WINDOWS\SYSTEM32\WINHTTP.dll
0x00007ffe9abc0000 - 0x00007ffe9ac2a000 	C:\WINDOWS\system32\mswsock.dll
0x00007ffe7f560000 - 0x00007ffe7f574000 	D:\Program Files\Android\Android Studio\jre\bin\nio.dll
0x00007ffe80430000 - 0x00007ffe80457000 	C:\Users\froze\.gradle\native\8bec1ad78214c89d9ad589b4d07fe93259594b29d510b10fafb7a158f7737e5d\windows-amd64\native-platform.dll
0x00007ffe74ea0000 - 0x00007ffe74fdd000 	C:\Users\froze\.gradle\native\53dbd7edfb1c66fb8903c78663c9afc45aea4f116125fa6feffd364cf09443e8\windows-amd64\native-platform-file-events.dll
0x00007ffe85150000 - 0x00007ffe8515a000 	D:\Program Files\Android\Android Studio\jre\bin\management.dll
0x00007ffe7fb00000 - 0x00007ffe7fb0c000 	D:\Program Files\Android\Android Studio\jre\bin\management_ext.dll
0x00007ffe9adc0000 - 0x00007ffe9add8000 	C:\WINDOWS\SYSTEM32\CRYPTSP.dll
0x00007ffe9a4d0000 - 0x00007ffe9a504000 	C:\WINDOWS\system32\rsaenh.dll
0x00007ffe9b4c0000 - 0x00007ffe9b4e7000 	C:\WINDOWS\System32\bcrypt.dll
0x00007ffe9b310000 - 0x00007ffe9b33e000 	C:\WINDOWS\SYSTEM32\USERENV.dll
0x00007ffe9adb0000 - 0x00007ffe9adbc000 	C:\WINDOWS\SYSTEM32\CRYPTBASE.dll
0x00007ffe9a860000 - 0x00007ffe9a89b000 	C:\WINDOWS\SYSTEM32\IPHLPAPI.DLL
0x00007ffe9c260000 - 0x00007ffe9c268000 	C:\WINDOWS\System32\NSI.dll
0x00007ffe95540000 - 0x00007ffe95557000 	C:\WINDOWS\SYSTEM32\dhcpcsvc6.DLL
0x00007ffe95520000 - 0x00007ffe9553d000 	C:\WINDOWS\SYSTEM32\dhcpcsvc.DLL
0x00007ffe9a8b0000 - 0x00007ffe9a97c000 	C:\WINDOWS\SYSTEM32\DNSAPI.dll

dbghelp: loaded successfully - version: 4.0.5 - missing functions: none
symbol engine: initialized successfully - sym options: 0x614 - pdb path: .;D:\Program Files\Android\Android Studio\jre\bin;C:\WINDOWS\SYSTEM32;C:\WINDOWS\WinSxS\amd64_microsoft.windows.common-controls_6595b64144ccf1df_6.0.19041.1110_none_60b5254171f9507e;D:\Program Files\Android\Android Studio\jre\bin\server;C:\Users\froze\.gradle\native\8bec1ad78214c89d9ad589b4d07fe93259594b29d510b10fafb7a158f7737e5d\windows-amd64;C:\Users\froze\.gradle\native\53dbd7edfb1c66fb8903c78663c9afc45aea4f116125fa6feffd364cf09443e8\windows-amd64

VM Arguments:
jvm_args: --add-opens=java.base/java.util=ALL-UNNAMED --add-opens=java.base/java.lang=ALL-UNNAMED --add-opens=java.base/java.lang.invoke=ALL-UNNAMED --add-opens=java.base/java.util=ALL-UNNAMED --add-opens=java.prefs/java.util.prefs=ALL-UNNAMED --add-opens=java.prefs/java.util.prefs=ALL-UNNAMED --add-opens=java.base/java.nio.charset=ALL-UNNAMED --add-opens=java.base/java.net=ALL-UNNAMED --add-opens=java.base/java.util.concurrent.atomic=ALL-UNNAMED -Xmx2048m -Dfile.encoding=UTF-8 -Duser.country=RU -Duser.language=ru -Duser.variant 
java_command: org.gradle.launcher.daemon.bootstrap.GradleDaemon 7.0.2
java_class_path (initial): C:\Users\froze\.gradle\wrapper\dists\gradle-7.0.2-bin\857tjihv64xamwrf0h14cai3r\gradle-7.0.2\lib\gradle-launcher-7.0.2.jar
Launcher Type: SUN_STANDARD

[Global flags]
     intx CICompilerCount                          = 4                                         {product} {ergonomic}
     uint ConcGCThreads                            = 2                                         {product} {ergonomic}
     uint G1ConcRefinementThreads                  = 8                                         {product} {ergonomic}
   size_t G1HeapRegionSize                         = 1048576                                   {product} {ergonomic}
    uintx GCDrainStackTargetSize                   = 64                                        {product} {ergonomic}
   size_t InitialHeapSize                          = 134217728                                 {product} {ergonomic}
   size_t MarkStackSize                            = 4194304                                   {product} {ergonomic}
   size_t MaxHeapSize                              = 2147483648                                {product} {command line}
   size_t MaxNewSize                               = 1287651328                                {product} {ergonomic}
   size_t MinHeapDeltaBytes                        = 1048576                                   {product} {ergonomic}
    uintx NonNMethodCodeHeapSize                   = 5836300                                {pd product} {ergonomic}
    uintx NonProfiledCodeHeapSize                  = 122910970                              {pd product} {ergonomic}
    uintx ProfiledCodeHeapSize                     = 122910970                              {pd product} {ergonomic}
    uintx ReservedCodeCacheSize                    = 251658240                              {pd product} {ergonomic}
     bool SegmentedCodeCache                       = true                                      {product} {ergonomic}
     bool UseCompressedClassPointers               = true                                 {lp64_product} {ergonomic}
     bool UseCompressedOops                        = true                                 {lp64_product} {ergonomic}
     bool UseG1GC                                  = true                                      {product} {ergonomic}
     bool UseLargePagesIndividualAllocation        = false                                  {pd product} {ergonomic}

Logging:
Log output configuration:
 #0: stdout all=warning uptime,level,tags
 #1: stderr all=off uptime,level,tags

Environment Variables:
PATH=C:\Program Files\Common Files\Oracle\Java\javapath;C:\WINDOWS\system32;C:\WINDOWS;C:\WINDOWS\System32\Wbem;C:\WINDOWS\System32\WindowsPowerShell\v1.0\;C:\WINDOWS\System32\OpenSSH\;C:\Program Files (x86)\NVIDIA Corporation\PhysX\Common;C:\Users\froze\AppData\Local\Microsoft\WindowsApps;
USERNAME=froze
OS=Windows_NT
PROCESSOR_IDENTIFIER=Intel64 Family 6 Model 60 Stepping 3, GenuineIntel



---------------  S Y S T E M  ---------------

OS: Windows 10 , 64 bit Build 19041 (10.0.19041.1202)
OS uptime: 2 days 3:01 hours

CPU:total 8 (initial active 8) (4 cores per cpu, 2 threads per core) family 6 model 60 stepping 3 microcode 0x27, cmov, cx8, fxsr, mmx, sse, sse2, sse3, ssse3, sse4.1, sse4.2, popcnt, avx, avx2, aes, clmul, erms, lzcnt, ht, tsc, tscinvbit, bmi1, bmi2, fma

Memory: 4k page, system-wide physical 8129M (651M free)
TotalPageFile size 23251M (AvailPageFile size 6M)
current process WorkingSet (physical memory assigned to process): 711M, peak: 719M
current process commit charge ("private bytes"): 771M, peak: 779M

vm_info: OpenJDK 64-Bit Server VM (11.0.10+0-b96-7249189) for windows-amd64 JRE (11.0.10+0-b96-7249189), built on Mar 31 2021 21:44:00 by "builder" with MS VC++ 14.0 (VS2015)

END.
